#
# There is insufficient memory for the Java Runtime Environment to continue.
# Native memory allocation (malloc) failed to allocate 763536 bytes for Chunk::new
# Possible reasons:
#   The system is out of physical RAM or swap space
#   The process is running with CompressedOops enabled, and the Java Heap may be blocking the growth of the native heap
# Possible solutions:
#   Reduce memory load on the system
#   Increase physical memory or swap space
#   Check if swap backing store is full
#   Decrease Java heap size (-Xmx/-Xms)
#   Decrease number of Java threads
#   Decrease Java thread stack sizes (-Xss)
#   Set larger code cache with -XX:ReservedCodeCacheSize=
#   JVM is running with Unscaled Compressed Oops mode in which the Java heap is
#     placed in the first 4GB address space. The Java Heap base address is the
#     maximum limit for the native heap growth. Please use -XX:HeapBaseMinAddress
#     to set the Java Heap base and to place the Java Heap above 4GB virtual address.
# This output file may be truncated or incomplete.
#
#  Out of Memory Error (./src/hotspot/share/memory/arena.cpp:197), pid=11436, tid=7252
#
# JRE version: OpenJDK Runtime Environment (11.0.13) (build 11.0.13+0-b1751.21-8125866)
# Java VM: OpenJDK 64-Bit Server VM (11.0.13+0-b1751.21-8125866, mixed mode, tiered, compressed oops, g1 gc, windows-amd64)
# No core dump will be written. Minidumps are not enabled by default on client versions of Windows
#

---------------  S U M M A R Y ------------

Command Line: --add-opens=java.base/java.util=ALL-UNNAMED --add-opens=java.base/java.lang=ALL-UNNAMED --add-opens=java.base/java.lang.invoke=ALL-UNNAMED --add-opens=java.base/java.util=ALL-UNNAMED --add-opens=java.prefs/java.util.prefs=ALL-UNNAMED --add-opens=java.prefs/java.util.prefs=ALL-UNNAMED --add-opens=java.base/java.nio.charset=ALL-UNNAMED --add-opens=java.base/java.net=ALL-UNNAMED --add-opens=java.base/java.util.concurrent.atomic=ALL-UNNAMED -Xmx2048m -Dfile.encoding=UTF-8 -Duser.country=CN -Duser.language=zh -Duser.variant org.gradle.launcher.daemon.bootstrap.GradleDaemon 7.4

Host: Intel(R) Core(TM) i5-10210U CPU @ 1.60GHz, 8 cores, 7G,  Windows 10 , 64 bit Build 19041 (10.0.19041.3636)
Time: Fri Apr 26 17:36:25 2024 中国标准时间 elapsed time: 12.162047 seconds (0d 0h 0m 12s)

---------------  T H R E A D  ---------------

Current thread (0x0000025f5fb87800):  JavaThread "C2 CompilerThread0" daemon [_thread_in_native, id=7252, stack(0x000000a3a8300000,0x000000a3a8400000)]


Current CompileTask:
C2:  12162 7015       4       org.objectweb.asm.MethodWriter::computeAllFrames (510 bytes)

Stack: [0x000000a3a8300000,0x000000a3a8400000]
Native frames: (J=compiled Java code, j=interpreted, Vv=VM code, C=native code)
V  [jvm.dll+0x6100fa]
V  [jvm.dll+0x747090]
V  [jvm.dll+0x7486ad]
V  [jvm.dll+0x748d83]
V  [jvm.dll+0x24ab48]
V  [jvm.dll+0xc04dc]
V  [jvm.dll+0xc0a0c]
V  [jvm.dll+0x35eb9d]
V  [jvm.dll+0x32b833]
V  [jvm.dll+0x32ad2a]
V  [jvm.dll+0x2032b2]
V  [jvm.dll+0x202437]
V  [jvm.dll+0x188e01]
V  [jvm.dll+0x21106b]
V  [jvm.dll+0x20f8c1]
V  [jvm.dll+0x70de0f]
V  [jvm.dll+0x706a75]
V  [jvm.dll+0x60ed66]
C  [ucrtbase.dll+0x21bb2]
C  [KERNEL32.DLL+0x17344]
C  [ntdll.dll+0x526b1]


---------------  P R O C E S S  ---------------

Threads class SMR info:
_java_thread_list=0x0000025f6616b3a0, length=122, elements={
0x0000025f44e05800, 0x0000025f5f29d000, 0x0000025f5f2a6800, 0x0000025f5f2c8800,
0x0000025f5fb78800, 0x0000025f5fb79800, 0x0000025f5fb87800, 0x0000025f5fb8e800,
0x0000025f5fb9c000, 0x0000025f5fd07000, 0x0000025f61d77800, 0x0000025f5fecc800,
0x0000025f62ab9000, 0x0000025f6253d000, 0x0000025f62d22000, 0x0000025f62069800,
0x0000025f61e3c800, 0x0000025f62ac7800, 0x0000025f623ea000, 0x0000025f6274b800,
0x0000025f615a0800, 0x0000025f615a3000, 0x0000025f615a4800, 0x0000025f6159f000,
0x0000025f615a5800, 0x0000025f6159f800, 0x0000025f615a3800, 0x0000025f615a1000,
0x0000025f615a2000, 0x0000025f6243a800, 0x0000025f62439000, 0x0000025f6243e000,
0x0000025f6243c000, 0x0000025f6243d000, 0x0000025f6243f800, 0x0000025f6243e800,
0x0000025f6243a000, 0x0000025f62440800, 0x0000025f6243b800, 0x0000025f62445000,
0x0000025f62446000, 0x0000025f62442000, 0x0000025f62447800, 0x0000025f62443000,
0x0000025f62447000, 0x0000025f6548c800, 0x0000025f6548b000, 0x0000025f6548d800,
0x0000025f6548a800, 0x0000025f6548c000, 0x0000025f65489800, 0x0000025f65488000,
0x0000025f6548e800, 0x0000025f65488800, 0x0000025f65490000, 0x0000025f65491800,
0x0000025f65492800, 0x0000025f65493800, 0x0000025f65494000, 0x0000025f65495000,
0x0000025f6548f000, 0x0000025f65495800, 0x0000025f65496800, 0x0000025f65491000,
0x0000025f65a6f800, 0x0000025f65a6f000, 0x0000025f65a6b800, 0x0000025f65a6d000,
0x0000025f65a70800, 0x0000025f65a6e000, 0x0000025f65a6b000, 0x0000025f65a71800,
0x0000025f65a72000, 0x0000025f65a6c800, 0x0000025f65a78800, 0x0000025f65a74800,
0x0000025f65a78000, 0x0000025f65a73000, 0x0000025f65a75800, 0x0000025f65a76000,
0x0000025f65a77000, 0x0000025f65a79800, 0x0000025f65a74000, 0x0000025f62f00800,
0x0000025f62f03000, 0x0000025f62eff000, 0x0000025f62f02800, 0x0000025f62f01800,
0x0000025f62f04000, 0x0000025f62efe000, 0x0000025f62f05000, 0x0000025f62f05800,
0x0000025f62f00000, 0x0000025f62f0b800, 0x0000025f62f07000, 0x0000025f62f09000,
0x0000025f62f0c000, 0x0000025f62f06800, 0x0000025f62f0d000, 0x0000025f62f09800,
0x0000025f62f08000, 0x0000025f62f0a800, 0x0000025f62f33000, 0x0000025f62f31800,
0x0000025f62f34000, 0x0000025f62f30800, 0x0000025f62f32800, 0x0000025f62f2e800,
0x0000025f62f35000, 0x0000025f62f2f000, 0x0000025f62f35800, 0x0000025f62f30000,
0x0000025f62f38000, 0x0000025f62f3a800, 0x0000025f62f37800, 0x0000025f62f39000,
0x0000025f62f36800, 0x0000025f62f39800, 0x0000025f62f3c000, 0x0000025f62f3b800,
0x0000025f62f3d000, 0x0000025f677b6000
}

Java Threads: ( => current thread )
  0x0000025f44e05800 JavaThread "main" [_thread_blocked, id=6232, stack(0x000000a3a7700000,0x000000a3a7800000)]
  0x0000025f5f29d000 JavaThread "Reference Handler" daemon [_thread_blocked, id=3808, stack(0x000000a3a7e00000,0x000000a3a7f00000)]
  0x0000025f5f2a6800 JavaThread "Finalizer" daemon [_thread_blocked, id=15652, stack(0x000000a3a7f00000,0x000000a3a8000000)]
  0x0000025f5f2c8800 JavaThread "Signal Dispatcher" daemon [_thread_blocked, id=16280, stack(0x000000a3a8000000,0x000000a3a8100000)]
  0x0000025f5fb78800 JavaThread "Attach Listener" daemon [_thread_blocked, id=18428, stack(0x000000a3a8100000,0x000000a3a8200000)]
  0x0000025f5fb79800 JavaThread "Service Thread" daemon [_thread_blocked, id=14992, stack(0x000000a3a8200000,0x000000a3a8300000)]
=>0x0000025f5fb87800 JavaThread "C2 CompilerThread0" daemon [_thread_in_native, id=7252, stack(0x000000a3a8300000,0x000000a3a8400000)]
  0x0000025f5fb8e800 JavaThread "C1 CompilerThread0" daemon [_thread_blocked, id=14280, stack(0x000000a3a8400000,0x000000a3a8500000)]
  0x0000025f5fb9c000 JavaThread "Sweeper thread" daemon [_thread_blocked, id=12580, stack(0x000000a3a8500000,0x000000a3a8600000)]
  0x0000025f5fd07000 JavaThread "Common-Cleaner" daemon [_thread_blocked, id=14048, stack(0x000000a3a8600000,0x000000a3a8700000)]
  0x0000025f61d77800 JavaThread "Daemon health stats" [_thread_blocked, id=4520, stack(0x000000a3a8b00000,0x000000a3a8c00000)]
  0x0000025f5fecc800 JavaThread "Incoming local TCP Connector on port 50500" [_thread_in_native, id=16508, stack(0x000000a3a8800000,0x000000a3a8900000)]
  0x0000025f62ab9000 JavaThread "Daemon periodic checks" [_thread_blocked, id=17696, stack(0x000000a3a8c00000,0x000000a3a8d00000)]
  0x0000025f6253d000 JavaThread "Daemon" [_thread_blocked, id=1536, stack(0x000000a3a8d00000,0x000000a3a8e00000)]
  0x0000025f62d22000 JavaThread "Handler for socket connection from /127.0.0.1:50500 to /127.0.0.1:50501" [_thread_in_native, id=14736, stack(0x000000a3a8e00000,0x000000a3a8f00000)]
  0x0000025f62069800 JavaThread "Cancel handler" [_thread_blocked, id=14748, stack(0x000000a3a8f00000,0x000000a3a9000000)]
  0x0000025f61e3c800 JavaThread "Daemon worker" [_thread_in_Java, id=17908, stack(0x000000a3a9000000,0x000000a3a9100000)]
  0x0000025f62ac7800 JavaThread "Asynchronous log dispatcher for DefaultDaemonConnection: socket connection from /127.0.0.1:50500 to /127.0.0.1:50501" [_thread_blocked, id=4720, stack(0x000000a3a9100000,0x000000a3a9200000)]
  0x0000025f623ea000 JavaThread "Stdin handler" [_thread_blocked, id=8912, stack(0x000000a3a9200000,0x000000a3a9300000)]
  0x0000025f6274b800 JavaThread "Daemon client event forwarder" [_thread_blocked, id=11776, stack(0x000000a3a9300000,0x000000a3a9400000)]
  0x0000025f615a0800 JavaThread "Cache worker for journal cache (C:\Users\y\.gradle\caches\journal-1)" [_thread_blocked, id=14884, stack(0x000000a3a9900000,0x000000a3a9a00000)]
  0x0000025f615a3000 JavaThread "File lock request listener" [_thread_in_native, id=18396, stack(0x000000a3a9a00000,0x000000a3a9b00000)]
  0x0000025f615a4800 JavaThread "Cache worker for file hash cache (C:\Users\y\.gradle\caches\7.4\fileHashes)" [_thread_blocked, id=9076, stack(0x000000a3a9c00000,0x000000a3a9d00000)]
  0x0000025f6159f000 JavaThread "File watcher server" daemon [_thread_in_native, id=14908, stack(0x000000a3a9d00000,0x000000a3a9e00000)]
  0x0000025f615a5800 JavaThread "File watcher consumer" daemon [_thread_blocked, id=17240, stack(0x000000a3a9e00000,0x000000a3a9f00000)]
  0x0000025f6159f800 JavaThread "jar transforms" [_thread_blocked, id=3680, stack(0x000000a3a9f00000,0x000000a3aa000000)]
  0x0000025f615a3800 JavaThread "jar transforms Thread 2" [_thread_blocked, id=4852, stack(0x000000a3aa000000,0x000000a3aa100000)]
  0x0000025f615a1000 JavaThread "jar transforms Thread 3" [_thread_blocked, id=16868, stack(0x000000a3aa100000,0x000000a3aa200000)]
  0x0000025f615a2000 JavaThread "jar transforms Thread 4" [_thread_blocked, id=12908, stack(0x000000a3aa200000,0x000000a3aa300000)]
  0x0000025f6243a800 JavaThread "jar transforms Thread 5" [_thread_blocked, id=17648, stack(0x000000a3aa300000,0x000000a3aa400000)]
  0x0000025f62439000 JavaThread "jar transforms Thread 6" [_thread_blocked, id=16720, stack(0x000000a3aa400000,0x000000a3aa500000)]
  0x0000025f6243e000 JavaThread "jar transforms Thread 7" [_thread_blocked, id=17484, stack(0x000000a3aa500000,0x000000a3aa600000)]
  0x0000025f6243c000 JavaThread "jar transforms Thread 8" [_thread_blocked, id=18012, stack(0x000000a3aa600000,0x000000a3aa700000)]
  0x0000025f6243d000 JavaThread "Cache worker for checksums cache (C:\Users\y\Desktop\Drink-Order-System-master\.gradle\7.4\checksums)" [_thread_blocked, id=15572, stack(0x000000a3aa700000,0x000000a3aa800000)]
  0x0000025f6243f800 JavaThread "Cache worker for cache directory md-rule (C:\Users\y\.gradle\caches\7.4\md-rule)" [_thread_blocked, id=18072, stack(0x000000a3aa800000,0x000000a3aa900000)]
  0x0000025f6243e800 JavaThread "Cache worker for file hash cache (C:\Users\y\Desktop\Drink-Order-System-master\.gradle\7.4\fileHashes)" [_thread_blocked, id=11976, stack(0x000000a3aa900000,0x000000a3aaa00000)]
  0x0000025f6243a000 JavaThread "Cache worker for cache directory md-supplier (C:\Users\y\.gradle\caches\7.4\md-supplier)" [_thread_blocked, id=17840, stack(0x000000a3aaa00000,0x000000a3aab00000)]
  0x0000025f62440800 JavaThread "Cache worker for execution history cache (C:\Users\y\.gradle\caches\7.4\executionHistory)" [_thread_blocked, id=14652, stack(0x000000a3aab00000,0x000000a3aac00000)]
  0x0000025f6243b800 JavaThread "Cache worker for file content cache (C:\Users\y\.gradle\caches\7.4\fileContent)" [_thread_blocked, id=17140, stack(0x000000a3aac00000,0x000000a3aad00000)]
  0x0000025f62445000 JavaThread "Cache worker for dependencies-accessors (C:\Users\y\Desktop\Drink-Order-System-master\.gradle\7.4\dependencies-accessors)" [_thread_blocked, id=5540, stack(0x000000a3aad00000,0x000000a3aae00000)]
  0x0000025f62446000 JavaThread "Cache worker for Build Output Cleanup Cache (C:\Users\y\Desktop\Drink-Order-System-master\.gradle\buildOutputCleanup)" [_thread_blocked, id=17680, stack(0x000000a3aae00000,0x000000a3aaf00000)]
  0x0000025f62442000 JavaThread "Unconstrained build operations" [_thread_blocked, id=304, stack(0x000000a3aaf00000,0x000000a3ab000000)]
  0x0000025f62447800 JavaThread "Unconstrained build operations Thread 2" [_thread_blocked, id=16676, stack(0x000000a3ab000000,0x000000a3ab100000)]
  0x0000025f62443000 JavaThread "Unconstrained build operations Thread 3" [_thread_blocked, id=1992, stack(0x000000a3ab100000,0x000000a3ab200000)]
  0x0000025f62447000 JavaThread "Unconstrained build operations Thread 4" [_thread_blocked, id=17088, stack(0x000000a3ab200000,0x000000a3ab300000)]
  0x0000025f6548c800 JavaThread "Unconstrained build operations Thread 5" [_thread_blocked, id=8800, stack(0x000000a3ab300000,0x000000a3ab400000)]
  0x0000025f6548b000 JavaThread "Unconstrained build operations Thread 6" [_thread_blocked, id=11704, stack(0x000000a3ab400000,0x000000a3ab500000)]
  0x0000025f6548d800 JavaThread "Unconstrained build operations Thread 7" [_thread_blocked, id=4876, stack(0x000000a3ab500000,0x000000a3ab600000)]
  0x0000025f6548a800 JavaThread "Unconstrained build operations Thread 8" [_thread_blocked, id=15124, stack(0x000000a3ab600000,0x000000a3ab700000)]
  0x0000025f6548c000 JavaThread "Unconstrained build operations Thread 9" [_thread_blocked, id=17252, stack(0x000000a3ab700000,0x000000a3ab800000)]
  0x0000025f65489800 JavaThread "Unconstrained build operations Thread 10" [_thread_blocked, id=8672, stack(0x000000a3ab800000,0x000000a3ab900000)]
  0x0000025f65488000 JavaThread "Unconstrained build operations Thread 11" [_thread_blocked, id=7460, stack(0x000000a3ab900000,0x000000a3aba00000)]
  0x0000025f6548e800 JavaThread "Unconstrained build operations Thread 12" [_thread_blocked, id=12312, stack(0x000000a3aba00000,0x000000a3abb00000)]
  0x0000025f65488800 JavaThread "Unconstrained build operations Thread 13" [_thread_blocked, id=16564, stack(0x000000a3abb00000,0x000000a3abc00000)]
  0x0000025f65490000 JavaThread "Unconstrained build operations Thread 14" [_thread_blocked, id=8004, stack(0x000000a3abc00000,0x000000a3abd00000)]
  0x0000025f65491800 JavaThread "Unconstrained build operations Thread 15" [_thread_blocked, id=16292, stack(0x000000a3abd00000,0x000000a3abe00000)]
  0x0000025f65492800 JavaThread "Unconstrained build operations Thread 16" [_thread_blocked, id=15864, stack(0x000000a3abe00000,0x000000a3abf00000)]
  0x0000025f65493800 JavaThread "Unconstrained build operations Thread 17" [_thread_blocked, id=14128, stack(0x000000a3abf00000,0x000000a3ac000000)]
  0x0000025f65494000 JavaThread "Unconstrained build operations Thread 18" [_thread_blocked, id=2088, stack(0x000000a3ac000000,0x000000a3ac100000)]
  0x0000025f65495000 JavaThread "Unconstrained build operations Thread 19" [_thread_blocked, id=5080, stack(0x000000a3ac100000,0x000000a3ac200000)]
  0x0000025f6548f000 JavaThread "Unconstrained build operations Thread 20" [_thread_blocked, id=15016, stack(0x000000a3ac200000,0x000000a3ac300000)]
  0x0000025f65495800 JavaThread "Unconstrained build operations Thread 21" [_thread_blocked, id=18064, stack(0x000000a3ac300000,0x000000a3ac400000)]
  0x0000025f65496800 JavaThread "Unconstrained build operations Thread 22" [_thread_blocked, id=14312, stack(0x000000a3ac400000,0x000000a3ac500000)]
  0x0000025f65491000 JavaThread "Unconstrained build operations Thread 23" [_thread_blocked, id=10192, stack(0x000000a3ac500000,0x000000a3ac600000)]
  0x0000025f65a6f800 JavaThread "Unconstrained build operations Thread 24" [_thread_blocked, id=2992, stack(0x000000a3ac600000,0x000000a3ac700000)]
  0x0000025f65a6f000 JavaThread "Unconstrained build operations Thread 25" [_thread_blocked, id=1348, stack(0x000000a3ac700000,0x000000a3ac800000)]
  0x0000025f65a6b800 JavaThread "Unconstrained build operations Thread 26" [_thread_blocked, id=6028, stack(0x000000a3ac800000,0x000000a3ac900000)]
  0x0000025f65a6d000 JavaThread "Unconstrained build operations Thread 27" [_thread_blocked, id=17488, stack(0x000000a3ac900000,0x000000a3aca00000)]
  0x0000025f65a70800 JavaThread "Unconstrained build operations Thread 28" [_thread_blocked, id=9056, stack(0x000000a3aca00000,0x000000a3acb00000)]
  0x0000025f65a6e000 JavaThread "Unconstrained build operations Thread 29" [_thread_blocked, id=15008, stack(0x000000a3acb00000,0x000000a3acc00000)]
  0x0000025f65a6b000 JavaThread "Unconstrained build operations Thread 30" [_thread_blocked, id=16064, stack(0x000000a3acc00000,0x000000a3acd00000)]
  0x0000025f65a71800 JavaThread "Unconstrained build operations Thread 31" [_thread_blocked, id=4832, stack(0x000000a3acd00000,0x000000a3ace00000)]
  0x0000025f65a72000 JavaThread "Unconstrained build operations Thread 32" [_thread_blocked, id=4968, stack(0x000000a3ace00000,0x000000a3acf00000)]
  0x0000025f65a6c800 JavaThread "Unconstrained build operations Thread 33" [_thread_blocked, id=5056, stack(0x000000a3acf00000,0x000000a3ad000000)]
  0x0000025f65a78800 JavaThread "Unconstrained build operations Thread 34" [_thread_blocked, id=7500, stack(0x000000a3ad000000,0x000000a3ad100000)]
  0x0000025f65a74800 JavaThread "Unconstrained build operations Thread 35" [_thread_blocked, id=14540, stack(0x000000a3ad100000,0x000000a3ad200000)]
  0x0000025f65a78000 JavaThread "Unconstrained build operations Thread 36" [_thread_blocked, id=14444, stack(0x000000a3ad200000,0x000000a3ad300000)]
  0x0000025f65a73000 JavaThread "Unconstrained build operations Thread 37" [_thread_blocked, id=17692, stack(0x000000a3ad300000,0x000000a3ad400000)]
  0x0000025f65a75800 JavaThread "Unconstrained build operations Thread 38" [_thread_blocked, id=8924, stack(0x000000a3ad400000,0x000000a3ad500000)]
  0x0000025f65a76000 JavaThread "Unconstrained build operations Thread 39" [_thread_blocked, id=2560, stack(0x000000a3ad500000,0x000000a3ad600000)]
  0x0000025f65a77000 JavaThread "Unconstrained build operations Thread 40" [_thread_blocked, id=4124, stack(0x000000a3ad600000,0x000000a3ad700000)]
  0x0000025f65a79800 JavaThread "Unconstrained build operations Thread 41" [_thread_blocked, id=8660, stack(0x000000a3ad700000,0x000000a3ad800000)]
  0x0000025f65a74000 JavaThread "Unconstrained build operations Thread 42" [_thread_blocked, id=16748, stack(0x000000a3ad800000,0x000000a3ad900000)]
  0x0000025f62f00800 JavaThread "Unconstrained build operations Thread 43" [_thread_blocked, id=7384, stack(0x000000a3ad900000,0x000000a3ada00000)]
  0x0000025f62f03000 JavaThread "Unconstrained build operations Thread 44" [_thread_blocked, id=16132, stack(0x000000a3ada00000,0x000000a3adb00000)]
  0x0000025f62eff000 JavaThread "Unconstrained build operations Thread 45" [_thread_blocked, id=14880, stack(0x000000a3adb00000,0x000000a3adc00000)]
  0x0000025f62f02800 JavaThread "Unconstrained build operations Thread 46" [_thread_blocked, id=18300, stack(0x000000a3adc00000,0x000000a3add00000)]
  0x0000025f62f01800 JavaThread "Unconstrained build operations Thread 47" [_thread_blocked, id=15456, stack(0x000000a3add00000,0x000000a3ade00000)]
  0x0000025f62f04000 JavaThread "Unconstrained build operations Thread 48" [_thread_blocked, id=17700, stack(0x000000a3ade00000,0x000000a3adf00000)]
  0x0000025f62efe000 JavaThread "Unconstrained build operations Thread 49" [_thread_blocked, id=4452, stack(0x000000a3adf00000,0x000000a3ae000000)]
  0x0000025f62f05000 JavaThread "Unconstrained build operations Thread 50" [_thread_blocked, id=3196, stack(0x000000a3ae000000,0x000000a3ae100000)]
  0x0000025f62f05800 JavaThread "Unconstrained build operations Thread 51" [_thread_blocked, id=14308, stack(0x000000a3ae100000,0x000000a3ae200000)]
  0x0000025f62f00000 JavaThread "Unconstrained build operations Thread 52" [_thread_blocked, id=18412, stack(0x000000a3ae200000,0x000000a3ae300000)]
  0x0000025f62f0b800 JavaThread "Unconstrained build operations Thread 53" [_thread_blocked, id=1068, stack(0x000000a3ae300000,0x000000a3ae400000)]
  0x0000025f62f07000 JavaThread "Unconstrained build operations Thread 54" [_thread_blocked, id=17020, stack(0x000000a3ae400000,0x000000a3ae500000)]
  0x0000025f62f09000 JavaThread "Unconstrained build operations Thread 55" [_thread_blocked, id=17188, stack(0x000000a3ae500000,0x000000a3ae600000)]
  0x0000025f62f0c000 JavaThread "Unconstrained build operations Thread 56" [_thread_blocked, id=12300, stack(0x000000a3ae600000,0x000000a3ae700000)]
  0x0000025f62f06800 JavaThread "Unconstrained build operations Thread 57" [_thread_blocked, id=12352, stack(0x000000a3ae700000,0x000000a3ae800000)]
  0x0000025f62f0d000 JavaThread "Unconstrained build operations Thread 58" [_thread_blocked, id=5108, stack(0x000000a3ae800000,0x000000a3ae900000)]
  0x0000025f62f09800 JavaThread "Unconstrained build operations Thread 59" [_thread_blocked, id=5116, stack(0x000000a3ae900000,0x000000a3aea00000)]
  0x0000025f62f08000 JavaThread "Unconstrained build operations Thread 60" [_thread_blocked, id=4448, stack(0x000000a3aea00000,0x000000a3aeb00000)]
  0x0000025f62f0a800 JavaThread "Unconstrained build operations Thread 61" [_thread_blocked, id=4080, stack(0x000000a3aeb00000,0x000000a3aec00000)]
  0x0000025f62f33000 JavaThread "Unconstrained build operations Thread 62" [_thread_blocked, id=4616, stack(0x000000a3aec00000,0x000000a3aed00000)]
  0x0000025f62f31800 JavaThread "Unconstrained build operations Thread 63" [_thread_blocked, id=4636, stack(0x000000a3aed00000,0x000000a3aee00000)]
  0x0000025f62f34000 JavaThread "Unconstrained build operations Thread 64" [_thread_blocked, id=16336, stack(0x000000a3aee00000,0x000000a3aef00000)]
  0x0000025f62f30800 JavaThread "Unconstrained build operations Thread 65" [_thread_blocked, id=4856, stack(0x000000a3aef00000,0x000000a3af000000)]
  0x0000025f62f32800 JavaThread "Unconstrained build operations Thread 66" [_thread_blocked, id=5160, stack(0x000000a3af000000,0x000000a3af100000)]
  0x0000025f62f2e800 JavaThread "Unconstrained build operations Thread 67" [_thread_blocked, id=14000, stack(0x000000a3af100000,0x000000a3af200000)]
  0x0000025f62f35000 JavaThread "Unconstrained build operations Thread 68" [_thread_blocked, id=15912, stack(0x000000a3af200000,0x000000a3af300000)]
  0x0000025f62f2f000 JavaThread "Unconstrained build operations Thread 69" [_thread_blocked, id=16164, stack(0x000000a3af300000,0x000000a3af400000)]
  0x0000025f62f35800 JavaThread "Unconstrained build operations Thread 70" [_thread_blocked, id=12116, stack(0x000000a3af400000,0x000000a3af500000)]
  0x0000025f62f30000 JavaThread "Unconstrained build operations Thread 71" [_thread_blocked, id=5408, stack(0x000000a3af500000,0x000000a3af600000)]
  0x0000025f62f38000 JavaThread "Unconstrained build operations Thread 72" [_thread_blocked, id=18400, stack(0x000000a3af600000,0x000000a3af700000)]
  0x0000025f62f3a800 JavaThread "Unconstrained build operations Thread 73" [_thread_blocked, id=10328, stack(0x000000a3af700000,0x000000a3af800000)]
  0x0000025f62f37800 JavaThread "Unconstrained build operations Thread 74" [_thread_blocked, id=15660, stack(0x000000a3af800000,0x000000a3af900000)]
  0x0000025f62f39000 JavaThread "Unconstrained build operations Thread 75" [_thread_blocked, id=2112, stack(0x000000a3af900000,0x000000a3afa00000)]
  0x0000025f62f36800 JavaThread "Unconstrained build operations Thread 76" [_thread_blocked, id=1704, stack(0x000000a3afa00000,0x000000a3afb00000)]
  0x0000025f62f39800 JavaThread "Unconstrained build operations Thread 77" [_thread_blocked, id=16996, stack(0x000000a3afb00000,0x000000a3afc00000)]
  0x0000025f62f3c000 JavaThread "Unconstrained build operations Thread 78" [_thread_blocked, id=4976, stack(0x000000a3afc00000,0x000000a3afd00000)]
  0x0000025f62f3b800 JavaThread "Unconstrained build operations Thread 79" [_thread_blocked, id=17328, stack(0x000000a3afd00000,0x000000a3afe00000)]
  0x0000025f62f3d000 JavaThread "Unconstrained build operations Thread 80" [_thread_blocked, id=11836, stack(0x000000a3afe00000,0x000000a3aff00000)]
  0x0000025f677b6000 JavaThread "Memory manager" [_thread_blocked, id=13696, stack(0x000000a3aff00000,0x000000a3b0000000)]

Other Threads:
  0x0000025f5f29b000 VMThread "VM Thread" [stack: 0x000000a3a7d00000,0x000000a3a7e00000] [id=6852]
  0x0000025f5fd86800 WatcherThread [stack: 0x000000a3a8700000,0x000000a3a8800000] [id=2024]
  0x0000025f44e1f000 GCTaskThread "GC Thread#0" [stack: 0x000000a3a7800000,0x000000a3a7900000] [id=2800]
  0x0000025f60aeb000 GCTaskThread "GC Thread#1" [stack: 0x000000a3a8900000,0x000000a3a8a00000] [id=17436]
  0x0000025f607f1000 GCTaskThread "GC Thread#2" [stack: 0x000000a3a8a00000,0x000000a3a8b00000] [id=9996]
  0x0000025f62dd1800 GCTaskThread "GC Thread#3" [stack: 0x000000a3a9400000,0x000000a3a9500000] [id=11648]
  0x0000025f616d1000 GCTaskThread "GC Thread#4" [stack: 0x000000a3a9500000,0x000000a3a9600000] [id=16936]
  0x0000025f61d50000 GCTaskThread "GC Thread#5" [stack: 0x000000a3a9600000,0x000000a3a9700000] [id=11228]
  0x0000025f61dca000 GCTaskThread "GC Thread#6" [stack: 0x000000a3a9700000,0x000000a3a9800000] [id=7392]
  0x0000025f61d69000 GCTaskThread "GC Thread#7" [stack: 0x000000a3a9800000,0x000000a3a9900000] [id=8180]
  0x0000025f44e52800 ConcurrentGCThread "G1 Main Marker" [stack: 0x000000a3a7900000,0x000000a3a7a00000] [id=13516]
  0x0000025f44e53800 ConcurrentGCThread "G1 Conc#0" [stack: 0x000000a3a7a00000,0x000000a3a7b00000] [id=16216]
  0x0000025f61ddc000 ConcurrentGCThread "G1 Conc#1" [stack: 0x000000a3a9b00000,0x000000a3a9c00000] [id=13500]
  0x0000025f44ede000 ConcurrentGCThread "G1 Refine#0" [stack: 0x000000a3a7b00000,0x000000a3a7c00000] [id=17600]
  0x0000025f5f0e6800 ConcurrentGCThread "G1 Young RemSet Sampling" [stack: 0x000000a3a7c00000,0x000000a3a7d00000] [id=15876]

Threads with active compile tasks:
C2 CompilerThread0  12205 7015       4       org.objectweb.asm.MethodWriter::computeAllFrames (510 bytes)

VM state:not at safepoint (normal execution)

VM Mutex/Monitor currently owned by a thread: None

Heap address: 0x0000000080000000, size: 2048 MB, Compressed Oops mode: 32-bit
Narrow klass base: 0x0000000000000000, Narrow klass shift: 3
Compressed class space size: 1073741824 Address: 0x0000000100000000

Heap:
 garbage-first heap   total 187392K, used 127051K [0x0000000080000000, 0x0000000100000000)
  region size 1024K, 29 young (29696K), 6 survivors (6144K)
 Metaspace       used 73726K, capacity 75670K, committed 75904K, reserved 1114112K
  class space    used 9551K, capacity 10257K, committed 10368K, reserved 1048576K
Heap Regions: E=young(eden), S=young(survivor), O=old, HS=humongous(starts), HC=humongous(continues), CS=collection set, F=free, A=archive, TAMS=top-at-mark-start (previous, next)
|   0|0x0000000080000000, 0x0000000080100000, 0x0000000080100000|100%| O|  |TAMS 0x0000000080100000, 0x0000000080000000| Untracked 
|   1|0x0000000080100000, 0x0000000080200000, 0x0000000080200000|100%| O|  |TAMS 0x0000000080200000, 0x0000000080100000| Untracked 
|   2|0x0000000080200000, 0x0000000080300000, 0x0000000080300000|100%| O|  |TAMS 0x0000000080300000, 0x0000000080200000| Untracked 
|   3|0x0000000080300000, 0x0000000080400000, 0x0000000080400000|100%|HS|  |TAMS 0x0000000080400000, 0x0000000080300000| Complete 
|   4|0x0000000080400000, 0x0000000080500000, 0x0000000080500000|100%|HC|  |TAMS 0x0000000080500000, 0x0000000080400000| Complete 
|   5|0x0000000080500000, 0x0000000080600000, 0x0000000080600000|100%|HC|  |TAMS 0x0000000080600000, 0x0000000080500000| Complete 
|   6|0x0000000080600000, 0x0000000080700000, 0x0000000080700000|100%| O|  |TAMS 0x0000000080700000, 0x0000000080600000| Untracked 
|   7|0x0000000080700000, 0x0000000080800000, 0x0000000080800000|100%| O|  |TAMS 0x0000000080800000, 0x0000000080700000| Untracked 
|   8|0x0000000080800000, 0x0000000080900000, 0x0000000080900000|100%| O|  |TAMS 0x0000000080900000, 0x0000000080800000| Untracked 
|   9|0x0000000080900000, 0x0000000080a00000, 0x0000000080a00000|100%| O|  |TAMS 0x0000000080a00000, 0x0000000080900000| Untracked 
|  10|0x0000000080a00000, 0x0000000080b00000, 0x0000000080b00000|100%| O|  |TAMS 0x0000000080b00000, 0x0000000080a00000| Untracked 
|  11|0x0000000080b00000, 0x0000000080c00000, 0x0000000080c00000|100%| O|  |TAMS 0x0000000080c00000, 0x0000000080b00000| Untracked 
|  12|0x0000000080c00000, 0x0000000080d00000, 0x0000000080d00000|100%| O|  |TAMS 0x0000000080d00000, 0x0000000080c00000| Untracked 
|  13|0x0000000080d00000, 0x0000000080e00000, 0x0000000080e00000|100%| O|  |TAMS 0x0000000080e00000, 0x0000000080d00000| Untracked 
|  14|0x0000000080e00000, 0x0000000080f00000, 0x0000000080f00000|100%| O|  |TAMS 0x0000000080f00000, 0x0000000080e00000| Untracked 
|  15|0x0000000080f00000, 0x0000000081000000, 0x0000000081000000|100%| O|  |TAMS 0x0000000081000000, 0x0000000080f00000| Untracked 
|  16|0x0000000081000000, 0x0000000081100000, 0x0000000081100000|100%|HS|  |TAMS 0x0000000081100000, 0x0000000081000000| Complete 
|  17|0x0000000081100000, 0x0000000081200000, 0x0000000081200000|100%|HC|  |TAMS 0x0000000081200000, 0x0000000081100000| Complete 
|  18|0x0000000081200000, 0x0000000081300000, 0x0000000081300000|100%|HS|  |TAMS 0x0000000081300000, 0x0000000081200000| Complete 
|  19|0x0000000081300000, 0x0000000081400000, 0x0000000081400000|100%|HC|  |TAMS 0x0000000081400000, 0x0000000081300000| Complete 
|  20|0x0000000081400000, 0x0000000081500000, 0x0000000081500000|100%|HC|  |TAMS 0x0000000081500000, 0x0000000081400000| Complete 
|  21|0x0000000081500000, 0x0000000081600000, 0x0000000081600000|100%|HS|  |TAMS 0x0000000081600000, 0x0000000081500000| Complete 
|  22|0x0000000081600000, 0x0000000081700000, 0x0000000081700000|100%|HC|  |TAMS 0x0000000081700000, 0x0000000081600000| Complete 
|  23|0x0000000081700000, 0x0000000081800000, 0x0000000081800000|100%|HC|  |TAMS 0x0000000081800000, 0x0000000081700000| Complete 
|  24|0x0000000081800000, 0x0000000081900000, 0x0000000081900000|100%|HS|  |TAMS 0x0000000081900000, 0x0000000081800000| Complete 
|  25|0x0000000081900000, 0x0000000081a00000, 0x0000000081a00000|100%|HC|  |TAMS 0x0000000081a00000, 0x0000000081900000| Complete 
|  26|0x0000000081a00000, 0x0000000081b00000, 0x0000000081b00000|100%|HC|  |TAMS 0x0000000081b00000, 0x0000000081a00000| Complete 
|  27|0x0000000081b00000, 0x0000000081c00000, 0x0000000081c00000|100%|HC|  |TAMS 0x0000000081c00000, 0x0000000081b00000| Complete 
|  28|0x0000000081c00000, 0x0000000081d00000, 0x0000000081d00000|100%|HS|  |TAMS 0x0000000081d00000, 0x0000000081c00000| Complete 
|  29|0x0000000081d00000, 0x0000000081e00000, 0x0000000081e00000|100%|HC|  |TAMS 0x0000000081e00000, 0x0000000081d00000| Complete 
|  30|0x0000000081e00000, 0x0000000081f00000, 0x0000000081f00000|100%|HC|  |TAMS 0x0000000081f00000, 0x0000000081e00000| Complete 
|  31|0x0000000081f00000, 0x0000000082000000, 0x0000000082000000|100%|HC|  |TAMS 0x0000000082000000, 0x0000000081f00000| Complete 
|  32|0x0000000082000000, 0x0000000082100000, 0x0000000082100000|100%|HC|  |TAMS 0x0000000082100000, 0x0000000082000000| Complete 
|  33|0x0000000082100000, 0x0000000082200000, 0x0000000082200000|100%|HS|  |TAMS 0x0000000082200000, 0x0000000082100000| Complete 
|  34|0x0000000082200000, 0x0000000082300000, 0x0000000082300000|100%| O|  |TAMS 0x0000000082300000, 0x0000000082200000| Untracked 
|  35|0x0000000082300000, 0x0000000082400000, 0x0000000082400000|100%| O|  |TAMS 0x0000000082400000, 0x0000000082300000| Untracked 
|  36|0x0000000082400000, 0x0000000082500000, 0x0000000082500000|100%| O|  |TAMS 0x0000000082500000, 0x0000000082400000| Untracked 
|  37|0x0000000082500000, 0x0000000082600000, 0x0000000082600000|100%| O|  |TAMS 0x0000000082600000, 0x0000000082500000| Untracked 
|  38|0x0000000082600000, 0x0000000082700000, 0x0000000082700000|100%| O|  |TAMS 0x0000000082700000, 0x0000000082600000| Untracked 
|  39|0x0000000082700000, 0x0000000082800000, 0x0000000082800000|100%| O|  |TAMS 0x0000000082800000, 0x0000000082700000| Untracked 
|  40|0x0000000082800000, 0x0000000082900000, 0x0000000082900000|100%| O|  |TAMS 0x0000000082900000, 0x0000000082800000| Untracked 
|  41|0x0000000082900000, 0x0000000082a00000, 0x0000000082a00000|100%| O|  |TAMS 0x0000000082a00000, 0x0000000082900000| Untracked 
|  42|0x0000000082a00000, 0x0000000082b00000, 0x0000000082b00000|100%| O|  |TAMS 0x0000000082b00000, 0x0000000082a00000| Untracked 
|  43|0x0000000082b00000, 0x0000000082c00000, 0x0000000082c00000|100%| O|  |TAMS 0x0000000082c00000, 0x0000000082b00000| Untracked 
|  44|0x0000000082c00000, 0x0000000082d00000, 0x0000000082d00000|100%|HS|  |TAMS 0x0000000082d00000, 0x0000000082c00000| Complete 
|  45|0x0000000082d00000, 0x0000000082e00000, 0x0000000082e00000|100%|HC|  |TAMS 0x0000000082e00000, 0x0000000082d00000| Complete 
|  46|0x0000000082e00000, 0x0000000082f00000, 0x0000000082f00000|100%|HC|  |TAMS 0x0000000082f00000, 0x0000000082e00000| Complete 
|  47|0x0000000082f00000, 0x0000000083000000, 0x0000000083000000|100%| O|  |TAMS 0x0000000083000000, 0x0000000082f00000| Untracked 
|  48|0x0000000083000000, 0x0000000083100000, 0x0000000083100000|100%| O|  |TAMS 0x0000000083100000, 0x0000000083000000| Untracked 
|  49|0x0000000083100000, 0x0000000083200000, 0x0000000083200000|100%| O|  |TAMS 0x0000000083200000, 0x0000000083100000| Untracked 
|  50|0x0000000083200000, 0x0000000083300000, 0x0000000083300000|100%| O|  |TAMS 0x0000000083300000, 0x0000000083200000| Untracked 
|  51|0x0000000083300000, 0x0000000083400000, 0x0000000083400000|100%| O|  |TAMS 0x0000000083400000, 0x0000000083300000| Untracked 
|  52|0x0000000083400000, 0x0000000083500000, 0x0000000083500000|100%|HS|  |TAMS 0x0000000083500000, 0x0000000083400000| Complete 
|  53|0x0000000083500000, 0x0000000083600000, 0x0000000083600000|100%|HC|  |TAMS 0x0000000083600000, 0x0000000083500000| Complete 
|  54|0x0000000083600000, 0x0000000083700000, 0x0000000083700000|100%|HC|  |TAMS 0x0000000083700000, 0x0000000083600000| Complete 
|  55|0x0000000083700000, 0x0000000083800000, 0x0000000083800000|100%|HC|  |TAMS 0x0000000083800000, 0x0000000083700000| Complete 
|  56|0x0000000083800000, 0x0000000083900000, 0x0000000083900000|100%|HS|  |TAMS 0x0000000083900000, 0x0000000083800000| Complete 
|  57|0x0000000083900000, 0x0000000083a00000, 0x0000000083a00000|100%|HC|  |TAMS 0x0000000083a00000, 0x0000000083900000| Complete 
|  58|0x0000000083a00000, 0x0000000083b00000, 0x0000000083b00000|100%|HS|  |TAMS 0x0000000083b00000, 0x0000000083a00000| Complete 
|  59|0x0000000083b00000, 0x0000000083c00000, 0x0000000083c00000|100%|HC|  |TAMS 0x0000000083c00000, 0x0000000083b00000| Complete 
|  60|0x0000000083c00000, 0x0000000083d00000, 0x0000000083d00000|100%|HC|  |TAMS 0x0000000083d00000, 0x0000000083c00000| Complete 
|  61|0x0000000083d00000, 0x0000000083e00000, 0x0000000083e00000|100%| O|  |TAMS 0x0000000083e00000, 0x0000000083d00000| Untracked 
|  62|0x0000000083e00000, 0x0000000083f00000, 0x0000000083f00000|100%| O|  |TAMS 0x0000000083f00000, 0x0000000083e00000| Untracked 
|  63|0x0000000083f00000, 0x0000000084000000, 0x0000000084000000|100%| O|  |TAMS 0x0000000084000000, 0x0000000083f00000| Untracked 
|  64|0x0000000084000000, 0x0000000084100000, 0x0000000084100000|100%|HS|  |TAMS 0x0000000084100000, 0x0000000084000000| Complete 
|  65|0x0000000084100000, 0x0000000084200000, 0x0000000084200000|100%|HC|  |TAMS 0x0000000084200000, 0x0000000084100000| Complete 
|  66|0x0000000084200000, 0x0000000084300000, 0x0000000084300000|100%|HC|  |TAMS 0x0000000084300000, 0x0000000084200000| Complete 
|  67|0x0000000084300000, 0x0000000084400000, 0x0000000084400000|100%|HC|  |TAMS 0x0000000084400000, 0x0000000084300000| Complete 
|  68|0x0000000084400000, 0x0000000084500000, 0x0000000084500000|100%|HC|  |TAMS 0x0000000084500000, 0x0000000084400000| Complete 
|  69|0x0000000084500000, 0x0000000084600000, 0x0000000084600000|100%| O|  |TAMS 0x0000000084600000, 0x0000000084500000| Untracked 
|  70|0x0000000084600000, 0x0000000084700000, 0x0000000084700000|100%| O|  |TAMS 0x0000000084700000, 0x0000000084600000| Untracked 
|  71|0x0000000084700000, 0x0000000084800000, 0x0000000084800000|100%| O|  |TAMS 0x0000000084800000, 0x0000000084700000| Untracked 
|  72|0x0000000084800000, 0x0000000084900000, 0x0000000084900000|100%| O|  |TAMS 0x0000000084900000, 0x0000000084800000| Untracked 
|  73|0x0000000084900000, 0x0000000084a00000, 0x0000000084a00000|100%| O|  |TAMS 0x0000000084a00000, 0x0000000084900000| Untracked 
|  74|0x0000000084a00000, 0x0000000084b00000, 0x0000000084b00000|100%| O|  |TAMS 0x0000000084b00000, 0x0000000084a00000| Untracked 
|  75|0x0000000084b00000, 0x0000000084c00000, 0x0000000084c00000|100%| O|  |TAMS 0x0000000084c00000, 0x0000000084b00000| Untracked 
|  76|0x0000000084c00000, 0x0000000084d00000, 0x0000000084d00000|100%| O|  |TAMS 0x0000000084d00000, 0x0000000084c00000| Untracked 
|  77|0x0000000084d00000, 0x0000000084e00000, 0x0000000084e00000|100%|HS|  |TAMS 0x0000000084e00000, 0x0000000084d00000| Complete 
|  78|0x0000000084e00000, 0x0000000084f00000, 0x0000000084f00000|100%|HS|  |TAMS 0x0000000084f00000, 0x0000000084e00000| Complete 
|  79|0x0000000084f00000, 0x0000000085000000, 0x0000000085000000|100%| O|  |TAMS 0x0000000085000000, 0x0000000084f00000| Untracked 
|  80|0x0000000085000000, 0x0000000085100000, 0x0000000085100000|100%| O|  |TAMS 0x0000000085100000, 0x0000000085000000| Untracked 
|  81|0x0000000085100000, 0x0000000085200000, 0x0000000085200000|100%| O|  |TAMS 0x0000000085200000, 0x0000000085100000| Untracked 
|  82|0x0000000085200000, 0x0000000085300000, 0x0000000085300000|100%| O|  |TAMS 0x0000000085300000, 0x0000000085200000| Untracked 
|  83|0x0000000085300000, 0x0000000085400000, 0x0000000085400000|100%| O|  |TAMS 0x0000000085400000, 0x0000000085300000| Untracked 
|  84|0x0000000085400000, 0x0000000085500000, 0x0000000085500000|100%| O|  |TAMS 0x0000000085500000, 0x0000000085400000| Untracked 
|  85|0x0000000085500000, 0x0000000085600000, 0x0000000085600000|100%| O|  |TAMS 0x0000000085600000, 0x0000000085500000| Untracked 
|  86|0x0000000085600000, 0x0000000085700000, 0x0000000085700000|100%| O|  |TAMS 0x0000000085700000, 0x0000000085600000| Untracked 
|  87|0x0000000085700000, 0x0000000085800000, 0x0000000085800000|100%|HS|  |TAMS 0x0000000085800000, 0x0000000085700000| Complete 
|  88|0x0000000085800000, 0x0000000085900000, 0x0000000085900000|100%|HC|  |TAMS 0x0000000085900000, 0x0000000085800000| Complete 
|  89|0x0000000085900000, 0x0000000085a00000, 0x0000000085a00000|100%| O|  |TAMS 0x0000000085a00000, 0x0000000085900000| Untracked 
|  90|0x0000000085a00000, 0x0000000085a12c00, 0x0000000085b00000|  7%| O|  |TAMS 0x0000000085a12c00, 0x0000000085a00000| Untracked 
|  91|0x0000000085b00000, 0x0000000085b00000, 0x0000000085c00000|  0%| F|  |TAMS 0x0000000085b00000, 0x0000000085b00000| Untracked 
|  92|0x0000000085c00000, 0x0000000085c00000, 0x0000000085d00000|  0%| F|  |TAMS 0x0000000085c00000, 0x0000000085c00000| Untracked 
|  93|0x0000000085d00000, 0x0000000085d00000, 0x0000000085e00000|  0%| F|  |TAMS 0x0000000085d00000, 0x0000000085d00000| Untracked 
|  94|0x0000000085e00000, 0x0000000085f00000, 0x0000000085f00000|100%| O|  |TAMS 0x0000000085f00000, 0x0000000085e00000| Untracked 
|  95|0x0000000085f00000, 0x0000000086000000, 0x0000000086000000|100%| O|  |TAMS 0x0000000086000000, 0x0000000085f00000| Untracked 
|  96|0x0000000086000000, 0x0000000086100000, 0x0000000086100000|100%| O|  |TAMS 0x0000000086100000, 0x0000000086000000| Untracked 
|  97|0x0000000086100000, 0x0000000086200000, 0x0000000086200000|100%| O|  |TAMS 0x0000000086200000, 0x0000000086100000| Untracked 
|  98|0x0000000086200000, 0x0000000086300000, 0x0000000086300000|100%| O|  |TAMS 0x0000000086300000, 0x0000000086200000| Untracked 
|  99|0x0000000086300000, 0x0000000086400000, 0x0000000086400000|100%| O|  |TAMS 0x0000000086400000, 0x0000000086300000| Untracked 
| 100|0x0000000086400000, 0x0000000086400000, 0x0000000086500000|  0%| F|  |TAMS 0x0000000086400000, 0x0000000086400000| Untracked 
| 101|0x0000000086500000, 0x0000000086500000, 0x0000000086600000|  0%| F|  |TAMS 0x0000000086500000, 0x0000000086500000| Untracked 
| 102|0x0000000086600000, 0x0000000086600000, 0x0000000086700000|  0%| F|  |TAMS 0x0000000086600000, 0x0000000086600000| Untracked 
| 103|0x0000000086700000, 0x0000000086700000, 0x0000000086800000|  0%| F|  |TAMS 0x0000000086700000, 0x0000000086700000| Untracked 
| 104|0x0000000086800000, 0x0000000086800000, 0x0000000086900000|  0%| F|  |TAMS 0x0000000086800000, 0x0000000086800000| Untracked 
| 105|0x0000000086900000, 0x0000000086900000, 0x0000000086a00000|  0%| F|  |TAMS 0x0000000086900000, 0x0000000086900000| Untracked 
| 106|0x0000000086a00000, 0x0000000086a00000, 0x0000000086b00000|  0%| F|  |TAMS 0x0000000086a00000, 0x0000000086a00000| Untracked 
| 107|0x0000000086b00000, 0x0000000086b00000, 0x0000000086c00000|  0%| F|  |TAMS 0x0000000086b00000, 0x0000000086b00000| Untracked 
| 108|0x0000000086c00000, 0x0000000086c00000, 0x0000000086d00000|  0%| F|  |TAMS 0x0000000086c00000, 0x0000000086c00000| Untracked 
| 109|0x0000000086d00000, 0x0000000086d00000, 0x0000000086e00000|  0%| F|  |TAMS 0x0000000086d00000, 0x0000000086d00000| Untracked 
| 110|0x0000000086e00000, 0x0000000086e00000, 0x0000000086f00000|  0%| F|  |TAMS 0x0000000086e00000, 0x0000000086e00000| Untracked 
| 111|0x0000000086f00000, 0x0000000086f00000, 0x0000000087000000|  0%| F|  |TAMS 0x0000000086f00000, 0x0000000086f00000| Untracked 
| 112|0x0000000087000000, 0x0000000087000000, 0x0000000087100000|  0%| F|  |TAMS 0x0000000087000000, 0x0000000087000000| Untracked 
| 113|0x0000000087100000, 0x0000000087100000, 0x0000000087200000|  0%| F|  |TAMS 0x0000000087100000, 0x0000000087100000| Untracked 
| 114|0x0000000087200000, 0x0000000087200000, 0x0000000087300000|  0%| F|  |TAMS 0x0000000087200000, 0x0000000087200000| Untracked 
| 115|0x0000000087300000, 0x0000000087300000, 0x0000000087400000|  0%| F|  |TAMS 0x0000000087300000, 0x0000000087300000| Untracked 
| 116|0x0000000087400000, 0x0000000087400000, 0x0000000087500000|  0%| F|  |TAMS 0x0000000087400000, 0x0000000087400000| Untracked 
| 117|0x0000000087500000, 0x0000000087500000, 0x0000000087600000|  0%| F|  |TAMS 0x0000000087500000, 0x0000000087500000| Untracked 
| 118|0x0000000087600000, 0x0000000087600000, 0x0000000087700000|  0%| F|  |TAMS 0x0000000087600000, 0x0000000087600000| Untracked 
| 119|0x0000000087700000, 0x0000000087700000, 0x0000000087800000|  0%| F|  |TAMS 0x0000000087700000, 0x0000000087700000| Untracked 
| 120|0x0000000087800000, 0x0000000087800000, 0x0000000087900000|  0%| F|  |TAMS 0x0000000087800000, 0x0000000087800000| Untracked 
| 121|0x0000000087900000, 0x0000000087900000, 0x0000000087a00000|  0%| F|  |TAMS 0x0000000087900000, 0x0000000087900000| Untracked 
| 122|0x0000000087a00000, 0x0000000087a00000, 0x0000000087b00000|  0%| F|  |TAMS 0x0000000087a00000, 0x0000000087a00000| Untracked 
| 123|0x0000000087b00000, 0x0000000087b00000, 0x0000000087c00000|  0%| F|  |TAMS 0x0000000087b00000, 0x0000000087b00000| Untracked 
| 124|0x0000000087c00000, 0x0000000087c00000, 0x0000000087d00000|  0%| F|  |TAMS 0x0000000087c00000, 0x0000000087c00000| Untracked 
| 125|0x0000000087d00000, 0x0000000087d00000, 0x0000000087e00000|  0%| F|  |TAMS 0x0000000087d00000, 0x0000000087d00000| Untracked 
| 126|0x0000000087e00000, 0x0000000087e00000, 0x0000000087f00000|  0%| F|  |TAMS 0x0000000087e00000, 0x0000000087e00000| Untracked 
| 127|0x0000000087f00000, 0x0000000087f00000, 0x0000000088000000|  0%| F|  |TAMS 0x0000000087f00000, 0x0000000087f00000| Untracked 
| 128|0x0000000088000000, 0x0000000088000000, 0x0000000088100000|  0%| F|  |TAMS 0x0000000088000000, 0x0000000088000000| Untracked 
| 129|0x0000000088100000, 0x0000000088100000, 0x0000000088200000|  0%| F|  |TAMS 0x0000000088100000, 0x0000000088100000| Untracked 
| 130|0x0000000088200000, 0x0000000088300000, 0x0000000088300000|100%| S|CS|TAMS 0x0000000088200000, 0x0000000088200000| Complete 
| 131|0x0000000088300000, 0x0000000088400000, 0x0000000088400000|100%| S|CS|TAMS 0x0000000088300000, 0x0000000088300000| Complete 
| 132|0x0000000088400000, 0x0000000088500000, 0x0000000088500000|100%| S|CS|TAMS 0x0000000088400000, 0x0000000088400000| Complete 
| 133|0x0000000088500000, 0x0000000088600000, 0x0000000088600000|100%| S|CS|TAMS 0x0000000088500000, 0x0000000088500000| Complete 
| 134|0x0000000088600000, 0x0000000088600000, 0x0000000088700000|  0%| F|  |TAMS 0x0000000088600000, 0x0000000088600000| Untracked 
| 135|0x0000000088700000, 0x0000000088700000, 0x0000000088800000|  0%| F|  |TAMS 0x0000000088700000, 0x0000000088700000| Untracked 
| 136|0x0000000088800000, 0x0000000088800000, 0x0000000088900000|  0%| F|  |TAMS 0x0000000088800000, 0x0000000088800000| Untracked 
| 137|0x0000000088900000, 0x0000000088900000, 0x0000000088a00000|  0%| F|  |TAMS 0x0000000088900000, 0x0000000088900000| Untracked 
| 138|0x0000000088a00000, 0x0000000088a00000, 0x0000000088b00000|  0%| F|  |TAMS 0x0000000088a00000, 0x0000000088a00000| Untracked 
| 139|0x0000000088b00000, 0x0000000088c00000, 0x0000000088c00000|100%| S|CS|TAMS 0x0000000088b00000, 0x0000000088b00000| Complete 
| 140|0x0000000088c00000, 0x0000000088d00000, 0x0000000088d00000|100%| S|CS|TAMS 0x0000000088c00000, 0x0000000088c00000| Complete 
| 141|0x0000000088d00000, 0x0000000088d00000, 0x0000000088e00000|  0%| F|  |TAMS 0x0000000088d00000, 0x0000000088d00000| Untracked 
| 142|0x0000000088e00000, 0x0000000088e00000, 0x0000000088f00000|  0%| F|  |TAMS 0x0000000088e00000, 0x0000000088e00000| Untracked 
| 143|0x0000000088f00000, 0x0000000088f00000, 0x0000000089000000|  0%| F|  |TAMS 0x0000000088f00000, 0x0000000088f00000| Untracked 
| 144|0x0000000089000000, 0x0000000089000000, 0x0000000089100000|  0%| F|  |TAMS 0x0000000089000000, 0x0000000089000000| Untracked 
| 145|0x0000000089100000, 0x0000000089100000, 0x0000000089200000|  0%| F|  |TAMS 0x0000000089100000, 0x0000000089100000| Untracked 
| 146|0x0000000089200000, 0x0000000089200000, 0x0000000089300000|  0%| F|  |TAMS 0x0000000089200000, 0x0000000089200000| Untracked 
| 147|0x0000000089300000, 0x0000000089300000, 0x0000000089400000|  0%| F|  |TAMS 0x0000000089300000, 0x0000000089300000| Untracked 
| 148|0x0000000089400000, 0x0000000089400000, 0x0000000089500000|  0%| F|  |TAMS 0x0000000089400000, 0x0000000089400000| Untracked 
| 149|0x0000000089500000, 0x0000000089500000, 0x0000000089600000|  0%| F|  |TAMS 0x0000000089500000, 0x0000000089500000| Untracked 
| 150|0x0000000089600000, 0x0000000089600000, 0x0000000089700000|  0%| F|  |TAMS 0x0000000089600000, 0x0000000089600000| Untracked 
| 151|0x0000000089700000, 0x0000000089700000, 0x0000000089800000|  0%| F|  |TAMS 0x0000000089700000, 0x0000000089700000| Untracked 
| 152|0x0000000089800000, 0x0000000089800000, 0x0000000089900000|  0%| F|  |TAMS 0x0000000089800000, 0x0000000089800000| Untracked 
| 153|0x0000000089900000, 0x0000000089900000, 0x0000000089a00000|  0%| F|  |TAMS 0x0000000089900000, 0x0000000089900000| Untracked 
| 154|0x0000000089a00000, 0x0000000089a00000, 0x0000000089b00000|  0%| F|  |TAMS 0x0000000089a00000, 0x0000000089a00000| Untracked 
| 155|0x0000000089b00000, 0x0000000089b00000, 0x0000000089c00000|  0%| F|  |TAMS 0x0000000089b00000, 0x0000000089b00000| Untracked 
| 156|0x0000000089c00000, 0x0000000089c00000, 0x0000000089d00000|  0%| F|  |TAMS 0x0000000089c00000, 0x0000000089c00000| Untracked 
| 157|0x0000000089d00000, 0x0000000089d00000, 0x0000000089e00000|  0%| F|  |TAMS 0x0000000089d00000, 0x0000000089d00000| Untracked 
| 158|0x0000000089e00000, 0x0000000089e00000, 0x0000000089f00000|  0%| F|  |TAMS 0x0000000089e00000, 0x0000000089e00000| Untracked 
| 159|0x0000000089f00000, 0x0000000089f00000, 0x000000008a000000|  0%| F|  |TAMS 0x0000000089f00000, 0x0000000089f00000| Untracked 
| 160|0x000000008a000000, 0x000000008a100000, 0x000000008a100000|100%| E|  |TAMS 0x000000008a000000, 0x000000008a000000| Complete 
| 161|0x000000008a100000, 0x000000008a200000, 0x000000008a200000|100%| E|CS|TAMS 0x000000008a100000, 0x000000008a100000| Complete 
| 162|0x000000008a200000, 0x000000008a300000, 0x000000008a300000|100%| E|CS|TAMS 0x000000008a200000, 0x000000008a200000| Complete 
| 163|0x000000008a300000, 0x000000008a400000, 0x000000008a400000|100%| E|CS|TAMS 0x000000008a300000, 0x000000008a300000| Complete 
| 164|0x000000008a400000, 0x000000008a500000, 0x000000008a500000|100%| E|CS|TAMS 0x000000008a400000, 0x000000008a400000| Complete 
| 165|0x000000008a500000, 0x000000008a600000, 0x000000008a600000|100%| E|CS|TAMS 0x000000008a500000, 0x000000008a500000| Complete 
| 166|0x000000008a600000, 0x000000008a700000, 0x000000008a700000|100%| E|CS|TAMS 0x000000008a600000, 0x000000008a600000| Complete 
| 167|0x000000008a700000, 0x000000008a800000, 0x000000008a800000|100%| E|CS|TAMS 0x000000008a700000, 0x000000008a700000| Complete 
| 168|0x000000008a800000, 0x000000008a900000, 0x000000008a900000|100%| E|CS|TAMS 0x000000008a800000, 0x000000008a800000| Complete 
| 169|0x000000008a900000, 0x000000008aa00000, 0x000000008aa00000|100%| E|CS|TAMS 0x000000008a900000, 0x000000008a900000| Complete 
| 170|0x000000008aa00000, 0x000000008ab00000, 0x000000008ab00000|100%| E|CS|TAMS 0x000000008aa00000, 0x000000008aa00000| Complete 
| 171|0x000000008ab00000, 0x000000008ac00000, 0x000000008ac00000|100%| E|CS|TAMS 0x000000008ab00000, 0x000000008ab00000| Complete 
| 172|0x000000008ac00000, 0x000000008ad00000, 0x000000008ad00000|100%| E|CS|TAMS 0x000000008ac00000, 0x000000008ac00000| Complete 
| 173|0x000000008ad00000, 0x000000008ae00000, 0x000000008ae00000|100%| E|CS|TAMS 0x000000008ad00000, 0x000000008ad00000| Complete 
| 174|0x000000008ae00000, 0x000000008af00000, 0x000000008af00000|100%| E|CS|TAMS 0x000000008ae00000, 0x000000008ae00000| Complete 
| 175|0x000000008af00000, 0x000000008b000000, 0x000000008b000000|100%| E|CS|TAMS 0x000000008af00000, 0x000000008af00000| Complete 
| 176|0x000000008b000000, 0x000000008b100000, 0x000000008b100000|100%| E|CS|TAMS 0x000000008b000000, 0x000000008b000000| Complete 
| 177|0x000000008b100000, 0x000000008b200000, 0x000000008b200000|100%| E|CS|TAMS 0x000000008b100000, 0x000000008b100000| Complete 
| 178|0x000000008b200000, 0x000000008b300000, 0x000000008b300000|100%| E|CS|TAMS 0x000000008b200000, 0x000000008b200000| Complete 
| 179|0x000000008b300000, 0x000000008b400000, 0x000000008b400000|100%| E|CS|TAMS 0x000000008b300000, 0x000000008b300000| Complete 
| 180|0x000000008b400000, 0x000000008b500000, 0x000000008b500000|100%| E|CS|TAMS 0x000000008b400000, 0x000000008b400000| Complete 
| 181|0x000000008b500000, 0x000000008b600000, 0x000000008b600000|100%| E|CS|TAMS 0x000000008b500000, 0x000000008b500000| Complete 
| 182|0x000000008b600000, 0x000000008b700000, 0x000000008b700000|100%| E|CS|TAMS 0x000000008b600000, 0x000000008b600000| Complete 

Card table byte_map: [0x0000025f58050000,0x0000025f58450000] _byte_map_base: 0x0000025f57c50000

Marking Bits (Prev, Next): (CMBitMap*) 0x0000025f44e49800, (CMBitMap*) 0x0000025f44e497c8
 Prev Bits: [0x0000025f5a850000, 0x0000025f5c850000)
 Next Bits: [0x0000025f58850000, 0x0000025f5a850000)

Polling page: 0x0000025f445e0000

Metaspace:

Usage:
  Non-class:     63.95 MB capacity,    62.72 MB ( 98%) used,     1.05 MB (  2%) free+waste,   181.13 KB ( <1%) overhead. 
      Class:     10.02 MB capacity,     9.33 MB ( 93%) used,   616.20 KB (  6%) free+waste,    85.06 KB ( <1%) overhead. 
       Both:     73.97 MB capacity,    72.05 MB ( 97%) used,     1.65 MB (  2%) free+waste,   266.19 KB ( <1%) overhead. 

Virtual space:
  Non-class space:       64.00 MB reserved,      64.00 MB (100%) committed 
      Class space:        1.00 GB reserved,      10.13 MB ( <1%) committed 
             Both:        1.06 GB reserved,      74.13 MB (  7%) committed 

Chunk freelists:
   Non-Class:  52.00 KB
       Class:  13.00 KB
        Both:  65.00 KB

MaxMetaspaceSize: 17179869184.00 GB
CompressedClassSpaceSize: 1.00 GB
Initial GC threshold: 20.80 MB
Current GC threshold: 120.63 MB
CDS: off

CodeHeap 'non-profiled nmethods': size=120000Kb used=3332Kb max_used=3332Kb free=116667Kb
 bounds [0x0000025f503f0000, 0x0000025f50740000, 0x0000025f57920000]
CodeHeap 'profiled nmethods': size=120000Kb used=14326Kb max_used=14326Kb free=105674Kb
 bounds [0x0000025f48ec0000, 0x0000025f49cc0000, 0x0000025f503f0000]
CodeHeap 'non-nmethods': size=5760Kb used=2350Kb max_used=2382Kb free=3409Kb
 bounds [0x0000025f48920000, 0x0000025f48b90000, 0x0000025f48ec0000]
 total_blobs=7852 nmethods=6984 adapters=780
 compilation: enabled
              stopped_count=0, restarted_count=0
 full_count=0

Compilation events (20 events):
Event: 12.149 Thread 0x0000025f5fb8e800 nmethod 7038 0x0000025f49ca9a10 code [0x0000025f49ca9be0, 0x0000025f49ca9e28]
Event: 12.149 Thread 0x0000025f5fb8e800 7039       2       org.gradle.api.internal.tasks.AbstractTaskDependency::<init> (5 bytes)
Event: 12.149 Thread 0x0000025f5fb8e800 nmethod 7039 0x0000025f49ca9f90 code [0x0000025f49caa140, 0x0000025f49caa238]
Event: 12.149 Thread 0x0000025f5fb8e800 7040       2       jdk.internal.reflect.ClassFileAssembler::getMaxLocals (6 bytes)
Event: 12.149 Thread 0x0000025f5fb8e800 nmethod 7040 0x0000025f49caa310 code [0x0000025f49caa4c0, 0x0000025f49caa5b8]
Event: 12.150 Thread 0x0000025f5fb8e800 7041       2       org.gradle.api.internal.DefaultDomainObjectCollection::doAdd (29 bytes)
Event: 12.150 Thread 0x0000025f5fb8e800 nmethod 7041 0x0000025f49caa690 code [0x0000025f49caa880, 0x0000025f49caaa58]
Event: 12.150 Thread 0x0000025f5fb8e800 7042       1       org.gradle.api.internal.artifacts.configurations.DefaultVariant::getName (5 bytes)
Event: 12.150 Thread 0x0000025f5fb8e800 nmethod 7042 0x0000025f5072de90 code [0x0000025f5072e040, 0x0000025f5072e0f8]
Event: 12.150 Thread 0x0000025f5fb8e800 7043       2       org.gradle.api.internal.DefaultDomainObjectCollection::add (25 bytes)
Event: 12.150 Thread 0x0000025f5fb8e800 nmethod 7043 0x0000025f49caab90 code [0x0000025f49caad80, 0x0000025f49caaf68]
Event: 12.150 Thread 0x0000025f5fb8e800 7045       2       kotlin.collections.SetsKt__SetsJVMKt::setOf (11 bytes)
Event: 12.151 Thread 0x0000025f5fb8e800 nmethod 7045 0x0000025f49cab090 code [0x0000025f49cab240, 0x0000025f49cab408]
Event: 12.151 Thread 0x0000025f5fb8e800 7044       1       org.gradle.api.internal.provider.Collectors$SingleElement::size (2 bytes)
Event: 12.151 Thread 0x0000025f5fb8e800 nmethod 7044 0x0000025f5072e190 code [0x0000025f5072e340, 0x0000025f5072e3f8]
Event: 12.156 Thread 0x0000025f5fb8e800 7047       2       org.gradle.internal.resources.DefaultResourceLockCoordinationService::maybeNotifyStateChange (12 bytes)
Event: 12.157 Thread 0x0000025f5fb8e800 nmethod 7047 0x0000025f49cab510 code [0x0000025f49cab6e0, 0x0000025f49cab9f8]
Event: 12.157 Thread 0x0000025f5fb8e800 7049   !   2       org.gradle.internal.resources.DefaultResourceLockCoordinationService::withStateLock (264 bytes)
Event: 12.158 Thread 0x0000025f5fb8e800 nmethod 7049 0x0000025f49cabc10 code [0x0000025f49cabfa0, 0x0000025f49cace88]
Event: 12.158 Thread 0x0000025f5fb8e800 7048       2       org.gradle.internal.resources.DefaultResourceLockCoordinationService$DefaultResourceLockState::hasUnlockedResources (25 bytes)

GC Heap History (20 events):
Event: 8.452 GC heap before
{Heap before GC invocations=17 (full 0):
 garbage-first heap   total 155648K, used 93522K [0x0000000080000000, 0x0000000100000000)
  region size 1024K, 17 young (17408K), 2 survivors (2048K)
 Metaspace       used 51338K, capacity 52828K, committed 52992K, reserved 1095680K
  class space    used 6522K, capacity 7062K, committed 7168K, reserved 1048576K
}
Event: 8.456 GC heap after
{Heap after GC invocations=18 (full 0):
 garbage-first heap   total 155648K, used 80817K [0x0000000080000000, 0x0000000100000000)
  region size 1024K, 3 young (3072K), 3 survivors (3072K)
 Metaspace       used 51338K, capacity 52828K, committed 52992K, reserved 1095680K
  class space    used 6522K, capacity 7062K, committed 7168K, reserved 1048576K
}
Event: 8.936 GC heap before
{Heap before GC invocations=19 (full 0):
 garbage-first heap   total 155648K, used 115633K [0x0000000080000000, 0x0000000100000000)
  region size 1024K, 37 young (37888K), 3 survivors (3072K)
 Metaspace       used 54884K, capacity 56561K, committed 56832K, reserved 1097728K
  class space    used 6973K, capacity 7604K, committed 7680K, reserved 1048576K
}
Event: 8.942 GC heap after
{Heap after GC invocations=20 (full 0):
 garbage-first heap   total 155648K, used 88373K [0x0000000080000000, 0x0000000100000000)
  region size 1024K, 5 young (5120K), 5 survivors (5120K)
 Metaspace       used 54884K, capacity 56561K, committed 56832K, reserved 1097728K
  class space    used 6973K, capacity 7604K, committed 7680K, reserved 1048576K
}
Event: 9.032 GC heap before
{Heap before GC invocations=21 (full 0):
 garbage-first heap   total 155648K, used 95541K [0x0000000080000000, 0x0000000100000000)
  region size 1024K, 12 young (12288K), 5 survivors (5120K)
 Metaspace       used 55093K, capacity 56753K, committed 56832K, reserved 1097728K
  class space    used 7002K, capacity 7604K, committed 7680K, reserved 1048576K
}
Event: 9.037 GC heap after
{Heap after GC invocations=22 (full 0):
 garbage-first heap   total 155648K, used 88962K [0x0000000080000000, 0x0000000100000000)
  region size 1024K, 2 young (2048K), 2 survivors (2048K)
 Metaspace       used 55093K, capacity 56753K, committed 56832K, reserved 1097728K
  class space    used 7002K, capacity 7604K, committed 7680K, reserved 1048576K
}
Event: 9.533 GC heap before
{Heap before GC invocations=23 (full 0):
 garbage-first heap   total 155648K, used 119682K [0x0000000080000000, 0x0000000100000000)
  region size 1024K, 30 young (30720K), 2 survivors (2048K)
 Metaspace       used 59062K, capacity 60802K, committed 60928K, reserved 1101824K
  class space    used 7462K, capacity 8076K, committed 8192K, reserved 1048576K
}
Event: 9.535 GC heap after
{Heap after GC invocations=24 (full 0):
 garbage-first heap   total 155648K, used 92269K [0x0000000080000000, 0x0000000100000000)
  region size 1024K, 3 young (3072K), 3 survivors (3072K)
 Metaspace       used 59062K, capacity 60802K, committed 60928K, reserved 1101824K
  class space    used 7462K, capacity 8076K, committed 8192K, reserved 1048576K
}
Event: 9.978 GC heap before
{Heap before GC invocations=24 (full 0):
 garbage-first heap   total 155648K, used 114797K [0x0000000080000000, 0x0000000100000000)
  region size 1024K, 26 young (26624K), 3 survivors (3072K)
 Metaspace       used 62801K, capacity 64606K, committed 64768K, reserved 1105920K
  class space    used 7948K, capacity 8622K, committed 8704K, reserved 1048576K
}
Event: 9.984 GC heap after
{Heap after GC invocations=25 (full 0):
 garbage-first heap   total 155648K, used 94654K [0x0000000080000000, 0x0000000100000000)
  region size 1024K, 4 young (4096K), 4 survivors (4096K)
 Metaspace       used 62801K, capacity 64606K, committed 64768K, reserved 1105920K
  class space    used 7948K, capacity 8622K, committed 8704K, reserved 1048576K
}
Event: 10.091 GC heap before
{Heap before GC invocations=26 (full 0):
 garbage-first heap   total 155648K, used 113086K [0x0000000080000000, 0x0000000100000000)
  region size 1024K, 18 young (18432K), 4 survivors (4096K)
 Metaspace       used 62767K, capacity 64543K, committed 64768K, reserved 1105920K
  class space    used 7936K, capacity 8600K, committed 8704K, reserved 1048576K
}
Event: 10.098 GC heap after
{Heap after GC invocations=27 (full 0):
 garbage-first heap   total 187392K, used 101152K [0x0000000080000000, 0x0000000100000000)
  region size 1024K, 4 young (4096K), 4 survivors (4096K)
 Metaspace       used 62767K, capacity 64543K, committed 64768K, reserved 1105920K
  class space    used 7936K, capacity 8600K, committed 8704K, reserved 1048576K
}
Event: 10.761 GC heap before
{Heap before GC invocations=28 (full 0):
 garbage-first heap   total 187392K, used 140064K [0x0000000080000000, 0x0000000100000000)
  region size 1024K, 40 young (40960K), 4 survivors (4096K)
 Metaspace       used 65645K, capacity 67408K, committed 67584K, reserved 1107968K
  class space    used 8290K, capacity 8929K, committed 8960K, reserved 1048576K
}
Event: 10.764 GC heap after
{Heap after GC invocations=29 (full 0):
 garbage-first heap   total 187392K, used 99716K [0x0000000080000000, 0x0000000100000000)
  region size 1024K, 3 young (3072K), 3 survivors (3072K)
 Metaspace       used 65645K, capacity 67408K, committed 67584K, reserved 1107968K
  class space    used 8290K, capacity 8929K, committed 8960K, reserved 1048576K
}
Event: 10.876 GC heap before
{Heap before GC invocations=29 (full 0):
 garbage-first heap   total 187392K, used 108932K [0x0000000080000000, 0x0000000100000000)
  region size 1024K, 13 young (13312K), 3 survivors (3072K)
 Metaspace       used 66476K, capacity 68217K, committed 68480K, reserved 1107968K
  class space    used 8407K, capacity 9027K, committed 9088K, reserved 1048576K
}
Event: 10.880 GC heap after
{Heap after GC invocations=30 (full 0):
 garbage-first heap   total 187392K, used 100327K [0x0000000080000000, 0x0000000100000000)
  region size 1024K, 3 young (3072K), 3 survivors (3072K)
 Metaspace       used 66476K, capacity 68217K, committed 68480K, reserved 1107968K
  class space    used 8407K, capacity 9027K, committed 9088K, reserved 1048576K
}
Event: 11.223 GC heap before
{Heap before GC invocations=31 (full 0):
 garbage-first heap   total 187392K, used 142311K [0x0000000080000000, 0x0000000100000000)
  region size 1024K, 44 young (45056K), 3 survivors (3072K)
 Metaspace       used 67440K, capacity 69369K, committed 69504K, reserved 1110016K
  class space    used 8556K, capacity 9236K, committed 9344K, reserved 1048576K
}
Event: 11.228 GC heap after
{Heap after GC invocations=32 (full 0):
 garbage-first heap   total 187392K, used 101513K [0x0000000080000000, 0x0000000100000000)
  region size 1024K, 5 young (5120K), 5 survivors (5120K)
 Metaspace       used 67440K, capacity 69369K, committed 69504K, reserved 1110016K
  class space    used 8556K, capacity 9236K, committed 9344K, reserved 1048576K
}
Event: 11.873 GC heap before
{Heap before GC invocations=32 (full 0):
 garbage-first heap   total 187392K, used 144521K [0x0000000080000000, 0x0000000100000000)
  region size 1024K, 47 young (48128K), 5 survivors (5120K)
 Metaspace       used 71737K, capacity 73556K, committed 73728K, reserved 1114112K
  class space    used 9277K, capacity 9947K, committed 9984K, reserved 1048576K
}
Event: 11.881 GC heap after
{Heap after GC invocations=33 (full 0):
 garbage-first heap   total 187392K, used 104523K [0x0000000080000000, 0x0000000100000000)
  region size 1024K, 6 young (6144K), 6 survivors (6144K)
 Metaspace       used 71737K, capacity 73556K, committed 73728K, reserved 1114112K
  class space    used 9277K, capacity 9947K, committed 9984K, reserved 1048576K
}

Deoptimization events (20 events):
Event: 10.956 Thread 0x0000025f61e3c800 DEOPT PACKING pc=0x0000025f506536d8 sp=0x000000a3a90f5ef0
Event: 10.956 Thread 0x0000025f61e3c800 DEOPT UNPACKING pc=0x0000025f4896a1af sp=0x000000a3a90f5e20 mode 2
Event: 10.956 Thread 0x0000025f61e3c800 Uncommon trap: trap_request=0xffffff4d fr.pc=0x0000025f5041d64c relative=0x000000000000022c
Event: 10.956 Thread 0x0000025f61e3c800 Uncommon trap: reason=unstable_if action=reinterpret pc=0x0000025f5041d64c method=java.lang.AbstractStringBuilder.isLatin1()Z @ 10 c2
Event: 10.956 Thread 0x0000025f61e3c800 DEOPT PACKING pc=0x0000025f5041d64c sp=0x000000a3a90f5e70
Event: 10.956 Thread 0x0000025f61e3c800 DEOPT UNPACKING pc=0x0000025f4896a1af sp=0x000000a3a90f5db0 mode 2
Event: 10.956 Thread 0x0000025f61e3c800 Uncommon trap: trap_request=0xffffff4d fr.pc=0x0000025f504c0650 relative=0x00000000000005f0
Event: 10.956 Thread 0x0000025f61e3c800 Uncommon trap: reason=unstable_if action=reinterpret pc=0x0000025f504c0650 method=java.lang.AbstractStringBuilder.appendChars(Ljava/lang/CharSequence;II)V @ 4 c2
Event: 10.956 Thread 0x0000025f61e3c800 DEOPT PACKING pc=0x0000025f504c0650 sp=0x000000a3a90f5f00
Event: 10.956 Thread 0x0000025f61e3c800 DEOPT UNPACKING pc=0x0000025f4896a1af sp=0x000000a3a90f5de8 mode 2
Event: 10.956 Thread 0x0000025f61e3c800 Uncommon trap: trap_request=0xffffff4d fr.pc=0x0000025f503f9fd4 relative=0x0000000000000034
Event: 10.956 Thread 0x0000025f61e3c800 Uncommon trap: reason=unstable_if action=reinterpret pc=0x0000025f503f9fd4 method=java.lang.StringLatin1.canEncode(I)Z @ 4 c2
Event: 10.956 Thread 0x0000025f61e3c800 DEOPT PACKING pc=0x0000025f503f9fd4 sp=0x000000a3a90f5df0
Event: 10.956 Thread 0x0000025f61e3c800 DEOPT UNPACKING pc=0x0000025f4896a1af sp=0x000000a3a90f5d80 mode 2
Event: 11.475 Thread 0x0000025f61e3c800 DEOPT PACKING pc=0x0000025f49bb3bdd sp=0x000000a3a90f7a00
Event: 11.475 Thread 0x0000025f61e3c800 DEOPT UNPACKING pc=0x0000025f4896a95e sp=0x000000a3a90f6eb8 mode 0
Event: 11.673 Thread 0x0000025f61e3c800 Uncommon trap: trap_request=0xffffff4d fr.pc=0x0000025f50654ee4 relative=0x0000000000000284
Event: 11.673 Thread 0x0000025f61e3c800 Uncommon trap: reason=unstable_if action=reinterpret pc=0x0000025f50654ee4 method=java.io.WinNTFileSystem.prefixLength(Ljava/lang/String;)I @ 11 c2
Event: 11.673 Thread 0x0000025f61e3c800 DEOPT PACKING pc=0x0000025f50654ee4 sp=0x000000a3a90f8680
Event: 11.673 Thread 0x0000025f61e3c800 DEOPT UNPACKING pc=0x0000025f4896a1af sp=0x000000a3a90f8600 mode 2

Classes redefined (0 events):
No events

Internal exceptions (20 events):
Event: 11.257 Thread 0x0000025f61e3c800 Exception <a 'java/lang/ClassNotFoundException'{0x000000008b2cf508}: org/gradle/api/JavaVersionCustomizer> (0x000000008b2cf508) thrown at [./src/hotspot/share/classfile/systemDictionary.cpp, line 231]
Event: 11.261 Thread 0x0000025f61e3c800 Exception <a 'java/lang/ClassNotFoundException'{0x000000008b13c640}: com/android/build/gradle/internal/CompileOptions$AgpDecorated_DecoratedBeanInfo> (0x000000008b13c640) thrown at [./src/hotspot/share/classfile/systemDictionary.cpp, line 231]
Event: 11.261 Thread 0x0000025f61e3c800 Exception <a 'java/lang/ClassNotFoundException'{0x000000008b15af20}: com/android/build/gradle/internal/CompileOptions$AgpDecoratedBeanInfo> (0x000000008b15af20) thrown at [./src/hotspot/share/classfile/systemDictionary.cpp, line 231]
Event: 11.262 Thread 0x0000025f61e3c800 Exception <a 'java/lang/ClassNotFoundException'{0x000000008b177208}: com/android/build/gradle/internal/CompileOptionsBeanInfo> (0x000000008b177208) thrown at [./src/hotspot/share/classfile/systemDictionary.cpp, line 231]
Event: 11.262 Thread 0x0000025f61e3c800 Exception <a 'java/lang/ClassNotFoundException'{0x000000008b193f08}: com/android/build/gradle/internal/CompileOptionsCustomizer> (0x000000008b193f08) thrown at [./src/hotspot/share/classfile/systemDictionary.cpp, line 231]
Event: 11.263 Thread 0x0000025f61e3c800 Exception <a 'java/lang/ClassNotFoundException'{0x000000008b1bec20}: com/android/build/gradle/internal/CompileOptions$AgpDecoratedCustomizer> (0x000000008b1bec20) thrown at [./src/hotspot/share/classfile/systemDictionary.cpp, line 231]
Event: 11.265 Thread 0x0000025f61e3c800 Exception <a 'java/lang/ClassNotFoundException'{0x000000008b1ed238}: com/android/build/gradle/internal/CompileOptions$AgpDecorated_DecoratedCustomizer> (0x000000008b1ed238) thrown at [./src/hotspot/share/classfile/systemDictionary.cpp, line 231]
Event: 11.269 Thread 0x0000025f61e3c800 Exception <a 'java/lang/ClassNotFoundException'{0x000000008b098be8}: com/android/build/gradle/internal/dsl/ApplicationBuildFeaturesImpl_DecoratedBeanInfo> (0x000000008b098be8) thrown at [./src/hotspot/share/classfile/systemDictionary.cpp, line 231]
Event: 11.270 Thread 0x0000025f61e3c800 Exception <a 'java/lang/ClassNotFoundException'{0x000000008b0b8150}: com/android/build/gradle/internal/dsl/ApplicationBuildFeaturesImplBeanInfo> (0x000000008b0b8150) thrown at [./src/hotspot/share/classfile/systemDictionary.cpp, line 231]
Event: 11.270 Thread 0x0000025f61e3c800 Exception <a 'java/lang/ClassNotFoundException'{0x000000008b0d5960}: com/android/build/gradle/internal/dsl/BuildFeaturesImplBeanInfo> (0x000000008b0d5960) thrown at [./src/hotspot/share/classfile/systemDictionary.cpp, line 231]
Event: 11.271 Thread 0x0000025f61e3c800 Exception <a 'java/lang/ClassNotFoundException'{0x000000008b0f31a8}: com/android/build/gradle/internal/dsl/BuildFeaturesImplCustomizer> (0x000000008b0f31a8) thrown at [./src/hotspot/share/classfile/systemDictionary.cpp, line 231]
Event: 11.272 Thread 0x0000025f61e3c800 Exception <a 'java/lang/ClassNotFoundException'{0x000000008af1e440}: com/android/build/gradle/internal/dsl/ApplicationBuildFeaturesImplCustomizer> (0x000000008af1e440) thrown at [./src/hotspot/share/classfile/systemDictionary.cpp, line 231]
Event: 11.272 Thread 0x0000025f61e3c800 Exception <a 'java/lang/ClassNotFoundException'{0x000000008af456b0}: com/android/build/gradle/internal/dsl/ApplicationBuildFeaturesImpl_DecoratedCustomizer> (0x000000008af456b0) thrown at [./src/hotspot/share/classfile/systemDictionary.cpp, line 231]
Event: 12.112 Thread 0x0000025f61e3c800 Exception <a 'java/lang/ClassNotFoundException'{0x000000008a974150}: com/android/build/gradle/internal/api/ApkVariantOutputImpl_DecoratedBeanInfo> (0x000000008a974150) thrown at [./src/hotspot/share/classfile/systemDictionary.cpp, line 231]
Event: 12.112 Thread 0x0000025f61e3c800 Exception <a 'java/lang/ClassNotFoundException'{0x000000008a992040}: com/android/build/gradle/internal/api/ApkVariantOutputImplBeanInfo> (0x000000008a992040) thrown at [./src/hotspot/share/classfile/systemDictionary.cpp, line 231]
Event: 12.113 Thread 0x0000025f61e3c800 Exception <a 'java/lang/ClassNotFoundException'{0x000000008a9b04e0}: com/android/build/gradle/internal/api/BaseVariantOutputImplBeanInfo> (0x000000008a9b04e0) thrown at [./src/hotspot/share/classfile/systemDictionary.cpp, line 231]
Event: 12.114 Thread 0x0000025f61e3c800 Exception <a 'java/lang/ClassNotFoundException'{0x000000008a9cea08}: com/android/build/gradle/internal/api/BaseVariantOutputImplCustomizer> (0x000000008a9cea08) thrown at [./src/hotspot/share/classfile/systemDictionary.cpp, line 231]
Event: 12.114 Thread 0x0000025f61e3c800 Exception <a 'java/lang/ClassNotFoundException'{0x000000008a9ff5a8}: com/android/build/gradle/internal/api/ApkVariantOutputImplCustomizer> (0x000000008a9ff5a8) thrown at [./src/hotspot/share/classfile/systemDictionary.cpp, line 231]
Event: 12.115 Thread 0x0000025f61e3c800 Exception <a 'java/lang/ClassNotFoundException'{0x000000008a82ce90}: com/android/build/gradle/internal/api/ApkVariantOutputImpl_DecoratedCustomizer> (0x000000008a82ce90) thrown at [./src/hotspot/share/classfile/systemDictionary.cpp, line 231]
Event: 12.132 Thread 0x0000025f61e3c800 Exception <a 'java/lang/NoClassDefFoundError'{0x000000008a7e0b70}: org/jetbrains/kotlin/gradle/plugin/KotlinBasePluginWrapper> (0x000000008a7e0b70) thrown at [./src/hotspot/share/classfile/systemDictionary.cpp, line 220]

Events (20 events):
Event: 12.151 loading class com/android/build/api/variant/impl/ArtifactMetadataProcessor$Companion
Event: 12.151 loading class com/android/build/api/variant/impl/ArtifactMetadataProcessor$Companion done
Event: 12.152 loading class com/android/build/api/variant/impl/ArtifactMetadataProcessor$Companion$handleFinalizedByForType$1$1$1
Event: 12.152 loading class com/android/build/api/variant/impl/ArtifactMetadataProcessor$Companion$handleFinalizedByForType$1$1$1 done
Event: 12.153 loading class org/gradle/initialization/ProjectsEvaluatedNotifier
Event: 12.153 loading class org/gradle/initialization/ProjectsEvaluatedNotifier done
Event: 12.153 loading class org/gradle/initialization/NotifyProjectsEvaluatedBuildOperationType$Result
Event: 12.153 loading class org/gradle/initialization/NotifyProjectsEvaluatedBuildOperationType$Result done
Event: 12.153 loading class org/gradle/initialization/ProjectsEvaluatedNotifier$1
Event: 12.153 loading class org/gradle/initialization/ProjectsEvaluatedNotifier$1 done
Event: 12.153 loading class org/gradle/initialization/ProjectsEvaluatedNotifier$NotifyProjectsEvaluatedListeners
Event: 12.153 loading class org/gradle/initialization/ProjectsEvaluatedNotifier$NotifyProjectsEvaluatedListeners done
Event: 12.154 loading class org/gradle/initialization/ProjectsEvaluatedNotifier$NotifyProjectsEvaluatedListeners$1
Event: 12.154 loading class org/gradle/initialization/ProjectsEvaluatedNotifier$NotifyProjectsEvaluatedListeners$1 done
Event: 12.154 loading class org/gradle/initialization/NotifyProjectsEvaluatedBuildOperationType$Details
Event: 12.154 loading class org/gradle/initialization/NotifyProjectsEvaluatedBuildOperationType$Details done
Event: 12.155 loading class com/android/build/gradle/internal/utils/GradlePluginUtils$enforceMinimumVersionsOfPlugins$1$1
Event: 12.155 loading class com/android/build/gradle/internal/utils/GradlePluginUtils$enforceMinimumVersionsOfPlugins$1$1 done
Event: 12.158 loading class org/gradle/api/internal/plugins/DefaultAppliedPlugin
Event: 12.158 loading class org/gradle/api/internal/plugins/DefaultAppliedPlugin done


Dynamic libraries:
0x00007ff61f320000 - 0x00007ff61f32a000 	D:\AndroidStudio\jre\bin\java.exe
0x00007ff8d4bd0000 - 0x00007ff8d4dc8000 	C:\WINDOWS\SYSTEM32\ntdll.dll
0x00007ff8d37f0000 - 0x00007ff8d38ad000 	C:\WINDOWS\System32\KERNEL32.DLL
0x00007ff8d28a0000 - 0x00007ff8d2b96000 	C:\WINDOWS\System32\KERNELBASE.dll
0x00007ff8d2530000 - 0x00007ff8d2630000 	C:\WINDOWS\System32\ucrtbase.dll
0x00007ff8ca550000 - 0x00007ff8ca569000 	D:\AndroidStudio\jre\bin\jli.dll
0x00007ff8c9de0000 - 0x00007ff8c9df7000 	D:\AndroidStudio\jre\bin\VCRUNTIME140.dll
0x00007ff8d3ed0000 - 0x00007ff8d406f000 	C:\WINDOWS\System32\USER32.dll
0x00007ff8d2ba0000 - 0x00007ff8d2bc2000 	C:\WINDOWS\System32\win32u.dll
0x00007ff8b7140000 - 0x00007ff8b73da000 	C:\WINDOWS\WinSxS\amd64_microsoft.windows.common-controls_6595b64144ccf1df_6.0.19041.3636_none_60b6a03d71f818d5\COMCTL32.dll
0x00007ff8d4b60000 - 0x00007ff8d4b8b000 	C:\WINDOWS\System32\GDI32.dll
0x00007ff8d2f30000 - 0x00007ff8d2fce000 	C:\WINDOWS\System32\msvcrt.dll
0x00007ff8d23c0000 - 0x00007ff8d24d7000 	C:\WINDOWS\System32\gdi32full.dll
0x00007ff8d2800000 - 0x00007ff8d289d000 	C:\WINDOWS\System32\msvcp_win.dll
0x00007ff8d42d0000 - 0x00007ff8d4302000 	C:\WINDOWS\System32\IMM32.DLL
0x00007ff8ad200000 - 0x00007ff8ad29d000 	D:\AndroidStudio\jre\bin\msvcp140.dll
0x00007ff880200000 - 0x00007ff880d02000 	D:\AndroidStudio\jre\bin\server\jvm.dll
0x00007ff8d2fd0000 - 0x00007ff8d3080000 	C:\WINDOWS\System32\ADVAPI32.dll
0x00007ff8d31b0000 - 0x00007ff8d3250000 	C:\WINDOWS\System32\sechost.dll
0x00007ff8d3630000 - 0x00007ff8d3753000 	C:\WINDOWS\System32\RPCRT4.dll
0x00007ff8d2bd0000 - 0x00007ff8d2bf7000 	C:\WINDOWS\System32\bcrypt.dll
0x00007ff8d42c0000 - 0x00007ff8d42c8000 	C:\WINDOWS\System32\PSAPI.DLL
0x00007ff8cd3a0000 - 0x00007ff8cd3a9000 	C:\WINDOWS\SYSTEM32\WSOCK32.dll
0x00007ff8c8850000 - 0x00007ff8c885a000 	C:\WINDOWS\SYSTEM32\VERSION.dll
0x00007ff8d2e30000 - 0x00007ff8d2e9b000 	C:\WINDOWS\System32\WS2_32.dll
0x00007ff8b7400000 - 0x00007ff8b7427000 	C:\WINDOWS\SYSTEM32\WINMM.dll
0x00007ff8d0af0000 - 0x00007ff8d0b02000 	C:\WINDOWS\SYSTEM32\kernel.appcore.dll
0x00007ff8cd360000 - 0x00007ff8cd371000 	D:\AndroidStudio\jre\bin\verify.dll
0x00007ff8cfe50000 - 0x00007ff8d0034000 	C:\WINDOWS\SYSTEM32\DBGHELP.DLL
0x00007ff8bc080000 - 0x00007ff8bc0b4000 	C:\WINDOWS\SYSTEM32\dbgcore.DLL
0x00007ff8d2330000 - 0x00007ff8d23b2000 	C:\WINDOWS\System32\bcryptPrimitives.dll
0x00007ff8cb820000 - 0x00007ff8cb849000 	D:\AndroidStudio\jre\bin\java.dll
0x00007ff8cd350000 - 0x00007ff8cd35b000 	D:\AndroidStudio\jre\bin\jimage.dll
0x00007ff8cd260000 - 0x00007ff8cd278000 	D:\AndroidStudio\jre\bin\zip.dll
0x00007ff8d4310000 - 0x00007ff8d4a7b000 	C:\WINDOWS\System32\SHELL32.dll
0x00007ff8d0040000 - 0x00007ff8d07de000 	C:\WINDOWS\SYSTEM32\windows.storage.dll
0x00007ff8d32b0000 - 0x00007ff8d3603000 	C:\WINDOWS\System32\combase.dll
0x00007ff8d1cb0000 - 0x00007ff8d1cde000 	C:\WINDOWS\SYSTEM32\Wldp.dll
0x00007ff8d2d60000 - 0x00007ff8d2e2d000 	C:\WINDOWS\System32\OLEAUT32.dll
0x00007ff8d2cb0000 - 0x00007ff8d2d5d000 	C:\WINDOWS\System32\SHCORE.dll
0x00007ff8d4140000 - 0x00007ff8d4195000 	C:\WINDOWS\System32\shlwapi.dll
0x00007ff8d21b0000 - 0x00007ff8d21d3000 	C:\WINDOWS\SYSTEM32\profapi.dll
0x00007ff8cc6a0000 - 0x00007ff8cc6ba000 	D:\AndroidStudio\jre\bin\net.dll
0x00007ff8c6bf0000 - 0x00007ff8c6cfa000 	C:\WINDOWS\SYSTEM32\WINHTTP.dll
0x00007ff8d1a10000 - 0x00007ff8d1a7a000 	C:\WINDOWS\system32\mswsock.dll
0x00007ff8cb630000 - 0x00007ff8cb644000 	D:\AndroidStudio\jre\bin\nio.dll
0x00007ff8bf7d0000 - 0x00007ff8bf7f7000 	C:\Users\y\.gradle\native\e1d6ef7f7dcc3fd88c89a11ec53ec762bb8ba0a96d01ffa2cd45eb1d1d8dd5c5\windows-amd64\native-platform.dll
0x00007ff8995f0000 - 0x00007ff899734000 	C:\Users\y\.gradle\native\0d407fdbe67a94daf76414ababcb853783967236a71b16ec16e742cd7a986fd3\windows-amd64\native-platform-file-events.dll
0x00007ff8cd290000 - 0x00007ff8cd29a000 	D:\AndroidStudio\jre\bin\management.dll
0x00007ff8cc490000 - 0x00007ff8cc49d000 	D:\AndroidStudio\jre\bin\management_ext.dll
0x00007ff8d1c10000 - 0x00007ff8d1c28000 	C:\WINDOWS\SYSTEM32\CRYPTSP.dll
0x00007ff8d12c0000 - 0x00007ff8d12f4000 	C:\WINDOWS\system32\rsaenh.dll
0x00007ff8d2170000 - 0x00007ff8d219e000 	C:\WINDOWS\SYSTEM32\USERENV.dll
0x00007ff8d1c00000 - 0x00007ff8d1c0c000 	C:\WINDOWS\SYSTEM32\CRYPTBASE.dll
0x00007ff8d16a0000 - 0x00007ff8d16db000 	C:\WINDOWS\SYSTEM32\IPHLPAPI.DLL
0x00007ff8d37e0000 - 0x00007ff8d37e8000 	C:\WINDOWS\System32\NSI.dll
0x00007ff8c8920000 - 0x00007ff8c8937000 	C:\WINDOWS\SYSTEM32\dhcpcsvc6.DLL
0x00007ff8c9dc0000 - 0x00007ff8c9ddd000 	C:\WINDOWS\SYSTEM32\dhcpcsvc.DLL
0x00007ff8d16f0000 - 0x00007ff8d17bb000 	C:\WINDOWS\SYSTEM32\DNSAPI.dll

dbghelp: loaded successfully - version: 4.0.5 - missing functions: none
symbol engine: initialized successfully - sym options: 0x614 - pdb path: .;D:\AndroidStudio\jre\bin;C:\WINDOWS\SYSTEM32;C:\WINDOWS\WinSxS\amd64_microsoft.windows.common-controls_6595b64144ccf1df_6.0.19041.3636_none_60b6a03d71f818d5;D:\AndroidStudio\jre\bin\server;C:\Users\y\.gradle\native\e1d6ef7f7dcc3fd88c89a11ec53ec762bb8ba0a96d01ffa2cd45eb1d1d8dd5c5\windows-amd64;C:\Users\y\.gradle\native\0d407fdbe67a94daf76414ababcb853783967236a71b16ec16e742cd7a986fd3\windows-amd64

VM Arguments:
jvm_args: --add-opens=java.base/java.util=ALL-UNNAMED --add-opens=java.base/java.lang=ALL-UNNAMED --add-opens=java.base/java.lang.invoke=ALL-UNNAMED --add-opens=java.base/java.util=ALL-UNNAMED --add-opens=java.prefs/java.util.prefs=ALL-UNNAMED --add-opens=java.prefs/java.util.prefs=ALL-UNNAMED --add-opens=java.base/java.nio.charset=ALL-UNNAMED --add-opens=java.base/java.net=ALL-UNNAMED --add-opens=java.base/java.util.concurrent.atomic=ALL-UNNAMED -Xmx2048m -Dfile.encoding=UTF-8 -Duser.country=CN -Duser.language=zh -Duser.variant 
java_command: org.gradle.launcher.daemon.bootstrap.GradleDaemon 7.4
java_class_path (initial): C:\Users\y\.gradle\wrapper\dists\gradle-7.4-bin\c0gwcg53nkjbqw7r0h0umtfvt\gradle-7.4\lib\gradle-launcher-7.4.jar
Launcher Type: SUN_STANDARD

[Global flags]
     intx CICompilerCount                          = 4                                         {product} {ergonomic}
     uint ConcGCThreads                            = 2                                         {product} {ergonomic}
     uint G1ConcRefinementThreads                  = 8                                         {product} {ergonomic}
   size_t G1HeapRegionSize                         = 1048576                                   {product} {ergonomic}
    uintx GCDrainStackTargetSize                   = 64                                        {product} {ergonomic}
   size_t InitialHeapSize                          = 132120576                                 {product} {ergonomic}
   size_t MarkStackSize                            = 4194304                                   {product} {ergonomic}
   size_t MaxHeapSize                              = 2147483648                                {product} {command line}
   size_t MaxNewSize                               = 1287651328                                {product} {ergonomic}
   size_t MinHeapDeltaBytes                        = 1048576                                   {product} {ergonomic}
    uintx NonNMethodCodeHeapSize                   = 5836300                                {pd product} {ergonomic}
    uintx NonProfiledCodeHeapSize                  = 122910970                              {pd product} {ergonomic}
    uintx ProfiledCodeHeapSize                     = 122910970                              {pd product} {ergonomic}
    uintx ReservedCodeCacheSize                    = 251658240                              {pd product} {ergonomic}
     bool SegmentedCodeCache                       = true                                      {product} {ergonomic}
     bool UseCompressedClassPointers               = true                                 {lp64_product} {ergonomic}
     bool UseCompressedOops                        = true                                 {lp64_product} {ergonomic}
     bool UseG1GC                                  = true                                      {product} {ergonomic}
     bool UseLargePagesIndividualAllocation        = false                                  {pd product} {ergonomic}

Logging:
Log output configuration:
 #0: stdout all=warning uptime,level,tags
 #1: stderr all=off uptime,level,tags

Environment Variables:
JAVA_HOME=C:\Program Files\Java\jdk-1.8
CLASSPATH=C:\Program Files\Java\jdk-1.8\lib\dt.jar;C:\Program Files\Java\jdk-1.8\lib\tools.jar
PATH=F:\OracleDatabases\bin;D:\ProgramData\Anaconda3;D:\ProgramData\Anaconda3\Library\mingw-w64\bin;D:\ProgramData\Anaconda3\Library\usr\bin;D:\ProgramData\Anaconda3\Library\bin;D:\ProgramData\Anaconda3\Scripts;C:\WINDOWS\system32;C:\WINDOWS;C:\WINDOWS\System32\Wbem;C:\WINDOWS\System32\WindowsPowerShell\v1.0\;C:\WINDOWS\System32\OpenSSH\;E:\mysql-8.0.33-winx64\mysql-8.0.33-winx64\bin;E:\apache-tomcat-8.5.81-windows-x64\apache-tomcat-8.5.81\bin;C:\Program Files\Azure Data Studio\bin;F:\Git\cmd;E:\Program Files\Matlab\runtime\win64;E:\Program Files\Matlab\bin;E:\Program Files\Matlab\polyspace\bin;F:\;E:\nvm\nvmStart;E:\Program Files\nodejs;%C:\Users\y\AppData\Roaming\Microsoft\Windows\Start Menu\Programs\Windows PowerShell%;C:\WINDOWS\system32;C:\WINDOWS;C:\WINDOWS\System32\Wbem;C:\WINDOWS\System32\WindowsPowerShell\v1.0\;C:\WINDOWS\System32\OpenSSH\;%CATALINA%bin;C:\Users\y\AppData\Local\Microsoft\WindowsApps;C:\Users\y\.dotnet\tools;D:\Program Files\JetBrains\IntelliJ IDEA 2021.2.2\bin;;C:\Program Files\Azure Data Studio\bin;C:\Users\y\AppData\Local\Programs\Microsoft VS Code\bin;node_global;E:\nvm\nvmStart;E:\Program Files\nodejs;%C:\Users\y\AppData\Roaming\Microsoft\Windows\Start Menu\Programs\Windows PowerShell%;
USERNAME=y
OS=Windows_NT
PROCESSOR_IDENTIFIER=Intel64 Family 6 Model 142 Stepping 12, GenuineIntel



---------------  S Y S T E M  ---------------

OS: Windows 10 , 64 bit Build 19041 (10.0.19041.3636)
OS uptime: 0 days 7:17 hours

CPU:total 8 (initial active 8) (4 cores per cpu, 2 threads per core) family 6 model 142 stepping 12 microcode 0xbe, cmov, cx8, fxsr, mmx, sse, sse2, sse3, ssse3, sse4.1, sse4.2, popcnt, avx, avx2, aes, clmul, erms, 3dnowpref, lzcnt, ht, tsc, tscinvbit, bmi1, bmi2, adx, fma

Memory: 4k page, system-wide physical 8042M (307M free)
TotalPageFile size 14299M (AvailPageFile size 3M)
current process WorkingSet (physical memory assigned to process): 360M, peak: 366M
current process commit charge ("private bytes"): 433M, peak: 433M

vm_info: OpenJDK 64-Bit Server VM (11.0.13+0-b1751.21-8125866) for windows-amd64 JRE (11.0.13+0-b1751.21-8125866), built on Feb  2 2022 03:00:22 by "builder" with MS VC++ 14.0 (VS2015)

END.
