#
# There is insufficient memory for the Java Runtime Environment to continue.
# Native memory allocation (malloc) failed to allocate 487376 bytes for Chunk::new
# Possible reasons:
#   The system is out of physical RAM or swap space
#   The process is running with CompressedOops enabled, and the Java Heap may be blocking the growth of the native heap
# Possible solutions:
#   Reduce memory load on the system
#   Increase physical memory or swap space
#   Check if swap backing store is full
#   Decrease Java heap size (-Xmx/-Xms)
#   Decrease number of Java threads
#   Decrease Java thread stack sizes (-Xss)
#   Set larger code cache with -XX:ReservedCodeCacheSize=
#   JVM is running with Unscaled Compressed Oops mode in which the Java heap is
#     placed in the first 4GB address space. The Java Heap base address is the
#     maximum limit for the native heap growth. Please use -XX:HeapBaseMinAddress
#     to set the Java Heap base and to place the Java Heap above 4GB virtual address.
# This output file may be truncated or incomplete.
#
#  Out of Memory Error (./src/hotspot/share/memory/arena.cpp:197), pid=17452, tid=13980
#
# JRE version: OpenJDK Runtime Environment (11.0.13) (build 11.0.13+0-b1751.21-8125866)
# Java VM: OpenJDK 64-Bit Server VM (11.0.13+0-b1751.21-8125866, mixed mode, tiered, compressed oops, g1 gc, windows-amd64)
# No core dump will be written. Minidumps are not enabled by default on client versions of Windows
#

---------------  S U M M A R Y ------------

Command Line: -Djava.awt.headless=true -Djava.util.logging.config.file=C:\Users\y\.android\utp\logging14540448946595936865properties -Dfile.encoding=UTF-8 -Duser.country=CN -Duser.language=zh -Duser.variant com.google.testing.platform.launcher.Launcher C:\Users\y\.gradle\caches\modules-2\files-2.1\com.google.testing.platform\core\0.0.8-alpha07\185ff5f0c2380a7a283320bc5ec9130dbcbbb030\core-0.0.8-alpha07.jar --proto_config=C:\Users\y\.android\utp\runnerConfig17867554798140192041.pb --proto_server_config=C:\Users\y\.android\utp\serverConfig6633029762301574368.pb

Host: Intel(R) Core(TM) i5-10210U CPU @ 1.60GHz, 8 cores, 7G,  Windows 10 , 64 bit Build 19041 (10.0.19041.3636)
Time: Fri Apr 26 15:56:18 2024 中国标准时间 elapsed time: 2.105002 seconds (0d 0h 0m 2s)

---------------  T H R E A D  ---------------

Current thread (0x000001f8eb6c9800):  JavaThread "C2 CompilerThread1" daemon [_thread_in_native, id=13980, stack(0x00000051fb400000,0x00000051fb500000)]


Current CompileTask:
C2:   2105 1713   !   4       java.util.zip.InflaterInputStream::read (138 bytes)

Stack: [0x00000051fb400000,0x00000051fb500000]
Native frames: (J=compiled Java code, j=interpreted, Vv=VM code, C=native code)
V  [jvm.dll+0x6100fa]
V  [jvm.dll+0x747090]
V  [jvm.dll+0x7486ad]
V  [jvm.dll+0x748d83]
V  [jvm.dll+0x24ab48]
V  [jvm.dll+0xc04dc]
V  [jvm.dll+0xc0a0c]
V  [jvm.dll+0x35eb9d]
V  [jvm.dll+0x32b833]
V  [jvm.dll+0x32ad2a]
V  [jvm.dll+0x2032b2]
V  [jvm.dll+0x202437]
V  [jvm.dll+0x188e01]
V  [jvm.dll+0x21106b]
V  [jvm.dll+0x20f8c1]
V  [jvm.dll+0x70de0f]
V  [jvm.dll+0x706a75]
V  [jvm.dll+0x60ed66]
C  [ucrtbase.dll+0x21bb2]
C  [KERNEL32.DLL+0x17344]
C  [ntdll.dll+0x526b1]


---------------  P R O C E S S  ---------------

Threads class SMR info:
_java_thread_list=0x000001f8ed4a3f70, length=16, elements={
0x000001f8ce69c000, 0x000001f8eaa2c000, 0x000001f8eaa2d800, 0x000001f8eb318800,
0x000001f8eb319800, 0x000001f8eb31b800, 0x000001f8eb31e800, 0x000001f8eb324000,
0x000001f8eb326000, 0x000001f8eb489000, 0x000001f8eb6c9800, 0x000001f8ece49800,
0x000001f8ece14000, 0x000001f8ed853000, 0x000001f8ecd8f000, 0x000001f8ed2e8000
}

Java Threads: ( => current thread )
  0x000001f8ce69c000 JavaThread "main" [_thread_blocked, id=4572, stack(0x00000051fa300000,0x00000051fa400000)]
  0x000001f8eaa2c000 JavaThread "Reference Handler" daemon [_thread_blocked, id=2032, stack(0x00000051faa00000,0x00000051fab00000)]
  0x000001f8eaa2d800 JavaThread "Finalizer" daemon [_thread_blocked, id=14636, stack(0x00000051fab00000,0x00000051fac00000)]
  0x000001f8eb318800 JavaThread "Signal Dispatcher" daemon [_thread_blocked, id=15760, stack(0x00000051fac00000,0x00000051fad00000)]
  0x000001f8eb319800 JavaThread "Attach Listener" daemon [_thread_blocked, id=9672, stack(0x00000051fad00000,0x00000051fae00000)]
  0x000001f8eb31b800 JavaThread "Service Thread" daemon [_thread_blocked, id=18112, stack(0x00000051fae00000,0x00000051faf00000)]
  0x000001f8eb31e800 JavaThread "C2 CompilerThread0" daemon [_thread_in_native, id=12320, stack(0x00000051faf00000,0x00000051fb000000)]
  0x000001f8eb324000 JavaThread "C1 CompilerThread0" daemon [_thread_blocked, id=12540, stack(0x00000051fb000000,0x00000051fb100000)]
  0x000001f8eb326000 JavaThread "Sweeper thread" daemon [_thread_blocked, id=14276, stack(0x00000051fb100000,0x00000051fb200000)]
  0x000001f8eb489000 JavaThread "Common-Cleaner" daemon [_thread_blocked, id=9676, stack(0x00000051fb300000,0x00000051fb400000)]
=>0x000001f8eb6c9800 JavaThread "C2 CompilerThread1" daemon [_thread_in_native, id=13980, stack(0x00000051fb400000,0x00000051fb500000)]
  0x000001f8ece49800 JavaThread "grpc-nio-worker-ELG-4-1" daemon [_thread_in_native, id=16336, stack(0x00000051fb800000,0x00000051fb900000)]
  0x000001f8ece14000 JavaThread "grpc-default-executor-0" daemon [_thread_in_native, id=13292, stack(0x00000051fb900000,0x00000051fba00000)]
  0x000001f8ed853000 JavaThread "grpc-default-executor-1" daemon [_thread_blocked, id=17800, stack(0x00000051fba00000,0x00000051fbb00000)]
  0x000001f8ecd8f000 JavaThread "grpc-default-executor-2" daemon [_thread_blocked, id=12900, stack(0x00000051fbb00000,0x00000051fbc00000)]
  0x000001f8ed2e8000 JavaThread "Monitor" [_thread_in_native, id=10892, stack(0x00000051fbc00000,0x00000051fbd00000)]

Other Threads:
  0x000001f8eaa09800 VMThread "VM Thread" [stack: 0x00000051fa900000,0x00000051faa00000] [id=9884]
  0x000001f8eb483800 WatcherThread [stack: 0x00000051fb200000,0x00000051fb300000] [id=11840]
  0x000001f8d06fa800 GCTaskThread "GC Thread#0" [stack: 0x00000051fa400000,0x00000051fa500000] [id=15072]
  0x000001f8ebad1000 GCTaskThread "GC Thread#1" [stack: 0x00000051fb500000,0x00000051fb600000] [id=9192]
  0x000001f8eba7a000 GCTaskThread "GC Thread#2" [stack: 0x00000051fb600000,0x00000051fb700000] [id=9632]
  0x000001f8d072b000 ConcurrentGCThread "G1 Main Marker" [stack: 0x00000051fa500000,0x00000051fa600000] [id=15932]
  0x000001f8d072e800 ConcurrentGCThread "G1 Conc#0" [stack: 0x00000051fa600000,0x00000051fa700000] [id=17112]
  0x000001f8ecc2d800 ConcurrentGCThread "G1 Conc#1" [stack: 0x00000051fb700000,0x00000051fb800000] [id=5480]
  0x000001f8ea870800 ConcurrentGCThread "G1 Refine#0" [stack: 0x00000051fa700000,0x00000051fa800000] [id=17960]
  0x000001f8ea871800 ConcurrentGCThread "G1 Young RemSet Sampling" [stack: 0x00000051fa800000,0x00000051fa900000] [id=18276]

Threads with active compile tasks:
C2 CompilerThread0   2129 1693   !   4       jdk.internal.loader.BuiltinClassLoader::loadClassOrNull (143 bytes)
C2 CompilerThread1   2129 1713   !   4       java.util.zip.InflaterInputStream::read (138 bytes)

VM state:not at safepoint (normal execution)

VM Mutex/Monitor currently owned by a thread: None

Heap address: 0x0000000082400000, size: 2012 MB, Compressed Oops mode: 32-bit
Narrow klass base: 0x0000000000000000, Narrow klass shift: 3
Compressed class space size: 1073741824 Address: 0x0000000100000000

Heap:
 garbage-first heap   total 129024K, used 39890K [0x0000000082400000, 0x0000000100000000)
  region size 1024K, 37 young (37888K), 6 survivors (6144K)
 Metaspace       used 28573K, capacity 29271K, committed 29440K, reserved 1075200K
  class space    used 3125K, capacity 3319K, committed 3328K, reserved 1048576K
Heap Regions: E=young(eden), S=young(survivor), O=old, HS=humongous(starts), HC=humongous(continues), CS=collection set, F=free, A=archive, TAMS=top-at-mark-start (previous, next)
|   0|0x0000000082400000, 0x0000000082500000, 0x0000000082500000|100%|HS|  |TAMS 0x0000000082500000, 0x0000000082400000| Complete 
|   1|0x0000000082500000, 0x0000000082600000, 0x0000000082600000|100%|HS|  |TAMS 0x0000000082600000, 0x0000000082500000| Complete 
|   2|0x0000000082600000, 0x0000000082700000, 0x0000000082700000|100%|HC|  |TAMS 0x0000000082700000, 0x0000000082600000| Complete 
|   3|0x0000000082700000, 0x0000000082700000, 0x0000000082800000|  0%| F|  |TAMS 0x0000000082700000, 0x0000000082700000| Untracked 
|   4|0x0000000082800000, 0x000000008286e400, 0x0000000082900000| 43%| O|  |TAMS 0x000000008286e400, 0x0000000082800000| Untracked 
|   5|0x0000000082900000, 0x0000000082900000, 0x0000000082a00000|  0%| F|  |TAMS 0x0000000082900000, 0x0000000082900000| Untracked 
|   6|0x0000000082a00000, 0x0000000082a00000, 0x0000000082b00000|  0%| F|  |TAMS 0x0000000082a00000, 0x0000000082a00000| Untracked 
|   7|0x0000000082b00000, 0x0000000082b00000, 0x0000000082c00000|  0%| F|  |TAMS 0x0000000082b00000, 0x0000000082b00000| Untracked 
|   8|0x0000000082c00000, 0x0000000082c00000, 0x0000000082d00000|  0%| F|  |TAMS 0x0000000082c00000, 0x0000000082c00000| Untracked 
|   9|0x0000000082d00000, 0x0000000082d00000, 0x0000000082e00000|  0%| F|  |TAMS 0x0000000082d00000, 0x0000000082d00000| Untracked 
|  10|0x0000000082e00000, 0x0000000082e00000, 0x0000000082f00000|  0%| F|  |TAMS 0x0000000082e00000, 0x0000000082e00000| Untracked 
|  11|0x0000000082f00000, 0x0000000082f00000, 0x0000000083000000|  0%| F|  |TAMS 0x0000000082f00000, 0x0000000082f00000| Untracked 
|  12|0x0000000083000000, 0x0000000083000000, 0x0000000083100000|  0%| F|  |TAMS 0x0000000083000000, 0x0000000083000000| Untracked 
|  13|0x0000000083100000, 0x0000000083100000, 0x0000000083200000|  0%| F|  |TAMS 0x0000000083100000, 0x0000000083100000| Untracked 
|  14|0x0000000083200000, 0x0000000083200000, 0x0000000083300000|  0%| F|  |TAMS 0x0000000083200000, 0x0000000083200000| Untracked 
|  15|0x0000000083300000, 0x0000000083300000, 0x0000000083400000|  0%| F|  |TAMS 0x0000000083300000, 0x0000000083300000| Untracked 
|  16|0x0000000083400000, 0x0000000083400000, 0x0000000083500000|  0%| F|  |TAMS 0x0000000083400000, 0x0000000083400000| Untracked 
|  17|0x0000000083500000, 0x0000000083500000, 0x0000000083600000|  0%| F|  |TAMS 0x0000000083500000, 0x0000000083500000| Untracked 
|  18|0x0000000083600000, 0x0000000083600000, 0x0000000083700000|  0%| F|  |TAMS 0x0000000083600000, 0x0000000083600000| Untracked 
|  19|0x0000000083700000, 0x0000000083700000, 0x0000000083800000|  0%| F|  |TAMS 0x0000000083700000, 0x0000000083700000| Untracked 
|  20|0x0000000083800000, 0x0000000083800000, 0x0000000083900000|  0%| F|  |TAMS 0x0000000083800000, 0x0000000083800000| Untracked 
|  21|0x0000000083900000, 0x0000000083900000, 0x0000000083a00000|  0%| F|  |TAMS 0x0000000083900000, 0x0000000083900000| Untracked 
|  22|0x0000000083a00000, 0x0000000083a00000, 0x0000000083b00000|  0%| F|  |TAMS 0x0000000083a00000, 0x0000000083a00000| Untracked 
|  23|0x0000000083b00000, 0x0000000083b00000, 0x0000000083c00000|  0%| F|  |TAMS 0x0000000083b00000, 0x0000000083b00000| Untracked 
|  24|0x0000000083c00000, 0x0000000083c00000, 0x0000000083d00000|  0%| F|  |TAMS 0x0000000083c00000, 0x0000000083c00000| Untracked 
|  25|0x0000000083d00000, 0x0000000083d00000, 0x0000000083e00000|  0%| F|  |TAMS 0x0000000083d00000, 0x0000000083d00000| Untracked 
|  26|0x0000000083e00000, 0x0000000083e00000, 0x0000000083f00000|  0%| F|  |TAMS 0x0000000083e00000, 0x0000000083e00000| Untracked 
|  27|0x0000000083f00000, 0x0000000083f00000, 0x0000000084000000|  0%| F|  |TAMS 0x0000000083f00000, 0x0000000083f00000| Untracked 
|  28|0x0000000084000000, 0x0000000084000000, 0x0000000084100000|  0%| F|  |TAMS 0x0000000084000000, 0x0000000084000000| Untracked 
|  29|0x0000000084100000, 0x0000000084100000, 0x0000000084200000|  0%| F|  |TAMS 0x0000000084100000, 0x0000000084100000| Untracked 
|  30|0x0000000084200000, 0x0000000084200000, 0x0000000084300000|  0%| F|  |TAMS 0x0000000084200000, 0x0000000084200000| Untracked 
|  31|0x0000000084300000, 0x0000000084300000, 0x0000000084400000|  0%| F|  |TAMS 0x0000000084300000, 0x0000000084300000| Untracked 
|  32|0x0000000084400000, 0x0000000084400000, 0x0000000084500000|  0%| F|  |TAMS 0x0000000084400000, 0x0000000084400000| Untracked 
|  33|0x0000000084500000, 0x0000000084500000, 0x0000000084600000|  0%| F|  |TAMS 0x0000000084500000, 0x0000000084500000| Untracked 
|  34|0x0000000084600000, 0x0000000084600000, 0x0000000084700000|  0%| F|  |TAMS 0x0000000084600000, 0x0000000084600000| Untracked 
|  35|0x0000000084700000, 0x0000000084700000, 0x0000000084800000|  0%| F|  |TAMS 0x0000000084700000, 0x0000000084700000| Untracked 
|  36|0x0000000084800000, 0x0000000084800000, 0x0000000084900000|  0%| F|  |TAMS 0x0000000084800000, 0x0000000084800000| Untracked 
|  37|0x0000000084900000, 0x0000000084900000, 0x0000000084a00000|  0%| F|  |TAMS 0x0000000084900000, 0x0000000084900000| Untracked 
|  38|0x0000000084a00000, 0x0000000084a00000, 0x0000000084b00000|  0%| F|  |TAMS 0x0000000084a00000, 0x0000000084a00000| Untracked 
|  39|0x0000000084b00000, 0x0000000084b00000, 0x0000000084c00000|  0%| F|  |TAMS 0x0000000084b00000, 0x0000000084b00000| Untracked 
|  40|0x0000000084c00000, 0x0000000084c00000, 0x0000000084d00000|  0%| F|  |TAMS 0x0000000084c00000, 0x0000000084c00000| Untracked 
|  41|0x0000000084d00000, 0x0000000084d00000, 0x0000000084e00000|  0%| F|  |TAMS 0x0000000084d00000, 0x0000000084d00000| Untracked 
|  42|0x0000000084e00000, 0x0000000084e00000, 0x0000000084f00000|  0%| F|  |TAMS 0x0000000084e00000, 0x0000000084e00000| Untracked 
|  43|0x0000000084f00000, 0x0000000084f00000, 0x0000000085000000|  0%| F|  |TAMS 0x0000000084f00000, 0x0000000084f00000| Untracked 
|  44|0x0000000085000000, 0x0000000085000000, 0x0000000085100000|  0%| F|  |TAMS 0x0000000085000000, 0x0000000085000000| Untracked 
|  45|0x0000000085100000, 0x0000000085100000, 0x0000000085200000|  0%| F|  |TAMS 0x0000000085100000, 0x0000000085100000| Untracked 
|  46|0x0000000085200000, 0x0000000085200000, 0x0000000085300000|  0%| F|  |TAMS 0x0000000085200000, 0x0000000085200000| Untracked 
|  47|0x0000000085300000, 0x0000000085300000, 0x0000000085400000|  0%| F|  |TAMS 0x0000000085300000, 0x0000000085300000| Untracked 
|  48|0x0000000085400000, 0x0000000085400000, 0x0000000085500000|  0%| F|  |TAMS 0x0000000085400000, 0x0000000085400000| Untracked 
|  49|0x0000000085500000, 0x0000000085500000, 0x0000000085600000|  0%| F|  |TAMS 0x0000000085500000, 0x0000000085500000| Untracked 
|  50|0x0000000085600000, 0x0000000085600000, 0x0000000085700000|  0%| F|  |TAMS 0x0000000085600000, 0x0000000085600000| Untracked 
|  51|0x0000000085700000, 0x0000000085700000, 0x0000000085800000|  0%| F|  |TAMS 0x0000000085700000, 0x0000000085700000| Untracked 
|  52|0x0000000085800000, 0x0000000085800000, 0x0000000085900000|  0%| F|  |TAMS 0x0000000085800000, 0x0000000085800000| Untracked 
|  53|0x0000000085900000, 0x0000000085900000, 0x0000000085a00000|  0%| F|  |TAMS 0x0000000085900000, 0x0000000085900000| Untracked 
|  54|0x0000000085a00000, 0x0000000085a00000, 0x0000000085b00000|  0%| F|  |TAMS 0x0000000085a00000, 0x0000000085a00000| Untracked 
|  55|0x0000000085b00000, 0x0000000085b00000, 0x0000000085c00000|  0%| F|  |TAMS 0x0000000085b00000, 0x0000000085b00000| Untracked 
|  56|0x0000000085c00000, 0x0000000085c00000, 0x0000000085d00000|  0%| F|  |TAMS 0x0000000085c00000, 0x0000000085c00000| Untracked 
|  57|0x0000000085d00000, 0x0000000085d00000, 0x0000000085e00000|  0%| F|  |TAMS 0x0000000085d00000, 0x0000000085d00000| Untracked 
|  58|0x0000000085e00000, 0x0000000085e00000, 0x0000000085f00000|  0%| F|  |TAMS 0x0000000085e00000, 0x0000000085e00000| Untracked 
|  59|0x0000000085f00000, 0x0000000085f00000, 0x0000000086000000|  0%| F|  |TAMS 0x0000000085f00000, 0x0000000085f00000| Untracked 
|  60|0x0000000086000000, 0x0000000086000000, 0x0000000086100000|  0%| F|  |TAMS 0x0000000086000000, 0x0000000086000000| Untracked 
|  61|0x0000000086100000, 0x0000000086100000, 0x0000000086200000|  0%| F|  |TAMS 0x0000000086100000, 0x0000000086100000| Untracked 
|  62|0x0000000086200000, 0x0000000086200000, 0x0000000086300000|  0%| F|  |TAMS 0x0000000086200000, 0x0000000086200000| Untracked 
|  63|0x0000000086300000, 0x0000000086300000, 0x0000000086400000|  0%| F|  |TAMS 0x0000000086300000, 0x0000000086300000| Untracked 
|  64|0x0000000086400000, 0x0000000086400000, 0x0000000086500000|  0%| F|  |TAMS 0x0000000086400000, 0x0000000086400000| Untracked 
|  65|0x0000000086500000, 0x0000000086500000, 0x0000000086600000|  0%| F|  |TAMS 0x0000000086500000, 0x0000000086500000| Untracked 
|  66|0x0000000086600000, 0x0000000086600000, 0x0000000086700000|  0%| F|  |TAMS 0x0000000086600000, 0x0000000086600000| Untracked 
|  67|0x0000000086700000, 0x0000000086700000, 0x0000000086800000|  0%| F|  |TAMS 0x0000000086700000, 0x0000000086700000| Untracked 
|  68|0x0000000086800000, 0x0000000086800000, 0x0000000086900000|  0%| F|  |TAMS 0x0000000086800000, 0x0000000086800000| Untracked 
|  69|0x0000000086900000, 0x0000000086900000, 0x0000000086a00000|  0%| F|  |TAMS 0x0000000086900000, 0x0000000086900000| Untracked 
|  70|0x0000000086a00000, 0x0000000086a00000, 0x0000000086b00000|  0%| F|  |TAMS 0x0000000086a00000, 0x0000000086a00000| Untracked 
|  71|0x0000000086b00000, 0x0000000086b00000, 0x0000000086c00000|  0%| F|  |TAMS 0x0000000086b00000, 0x0000000086b00000| Untracked 
|  72|0x0000000086c00000, 0x0000000086c00000, 0x0000000086d00000|  0%| F|  |TAMS 0x0000000086c00000, 0x0000000086c00000| Untracked 
|  73|0x0000000086d00000, 0x0000000086d00000, 0x0000000086e00000|  0%| F|  |TAMS 0x0000000086d00000, 0x0000000086d00000| Untracked 
|  74|0x0000000086e00000, 0x0000000086e00000, 0x0000000086f00000|  0%| F|  |TAMS 0x0000000086e00000, 0x0000000086e00000| Untracked 
|  75|0x0000000086f00000, 0x0000000086f00000, 0x0000000087000000|  0%| F|  |TAMS 0x0000000086f00000, 0x0000000086f00000| Untracked 
|  76|0x0000000087000000, 0x0000000087000000, 0x0000000087100000|  0%| F|  |TAMS 0x0000000087000000, 0x0000000087000000| Untracked 
|  77|0x0000000087100000, 0x0000000087100000, 0x0000000087200000|  0%| F|  |TAMS 0x0000000087100000, 0x0000000087100000| Untracked 
|  78|0x0000000087200000, 0x0000000087200000, 0x0000000087300000|  0%| F|  |TAMS 0x0000000087200000, 0x0000000087200000| Untracked 
|  79|0x0000000087300000, 0x0000000087300000, 0x0000000087400000|  0%| F|  |TAMS 0x0000000087300000, 0x0000000087300000| Untracked 
|  80|0x0000000087400000, 0x0000000087400000, 0x0000000087500000|  0%| F|  |TAMS 0x0000000087400000, 0x0000000087400000| Untracked 
|  81|0x0000000087500000, 0x0000000087500000, 0x0000000087600000|  0%| F|  |TAMS 0x0000000087500000, 0x0000000087500000| Untracked 
|  82|0x0000000087600000, 0x0000000087600000, 0x0000000087700000|  0%| F|  |TAMS 0x0000000087600000, 0x0000000087600000| Untracked 
|  83|0x0000000087700000, 0x0000000087700000, 0x0000000087800000|  0%| F|  |TAMS 0x0000000087700000, 0x0000000087700000| Untracked 
|  84|0x0000000087800000, 0x0000000087800000, 0x0000000087900000|  0%| F|  |TAMS 0x0000000087800000, 0x0000000087800000| Untracked 
|  85|0x0000000087900000, 0x0000000087900000, 0x0000000087a00000|  0%| F|  |TAMS 0x0000000087900000, 0x0000000087900000| Untracked 
|  86|0x0000000087a00000, 0x0000000087a00000, 0x0000000087b00000|  0%| F|  |TAMS 0x0000000087a00000, 0x0000000087a00000| Untracked 
|  87|0x0000000087b00000, 0x0000000087b00000, 0x0000000087c00000|  0%| F|  |TAMS 0x0000000087b00000, 0x0000000087b00000| Untracked 
|  88|0x0000000087c00000, 0x0000000087c00000, 0x0000000087d00000|  0%| F|  |TAMS 0x0000000087c00000, 0x0000000087c00000| Untracked 
|  89|0x0000000087d00000, 0x0000000087e00000, 0x0000000087e00000|100%| E|  |TAMS 0x0000000087d00000, 0x0000000087d00000| Complete 
|  90|0x0000000087e00000, 0x0000000087f00000, 0x0000000087f00000|100%| E|CS|TAMS 0x0000000087e00000, 0x0000000087e00000| Complete 
|  91|0x0000000087f00000, 0x0000000088000000, 0x0000000088000000|100%| E|CS|TAMS 0x0000000087f00000, 0x0000000087f00000| Complete 
|  92|0x0000000088000000, 0x0000000088100000, 0x0000000088100000|100%| E|CS|TAMS 0x0000000088000000, 0x0000000088000000| Complete 
|  93|0x0000000088100000, 0x0000000088200000, 0x0000000088200000|100%| E|CS|TAMS 0x0000000088100000, 0x0000000088100000| Complete 
|  94|0x0000000088200000, 0x0000000088300000, 0x0000000088300000|100%| E|CS|TAMS 0x0000000088200000, 0x0000000088200000| Complete 
|  95|0x0000000088300000, 0x0000000088400000, 0x0000000088400000|100%| E|CS|TAMS 0x0000000088300000, 0x0000000088300000| Complete 
|  96|0x0000000088400000, 0x0000000088500000, 0x0000000088500000|100%| E|CS|TAMS 0x0000000088400000, 0x0000000088400000| Complete 
|  97|0x0000000088500000, 0x0000000088600000, 0x0000000088600000|100%| E|CS|TAMS 0x0000000088500000, 0x0000000088500000| Complete 
|  98|0x0000000088600000, 0x0000000088700000, 0x0000000088700000|100%| E|CS|TAMS 0x0000000088600000, 0x0000000088600000| Complete 
|  99|0x0000000088700000, 0x0000000088800000, 0x0000000088800000|100%| E|CS|TAMS 0x0000000088700000, 0x0000000088700000| Complete 
| 100|0x0000000088800000, 0x0000000088900000, 0x0000000088900000|100%| E|CS|TAMS 0x0000000088800000, 0x0000000088800000| Complete 
| 101|0x0000000088900000, 0x0000000088a00000, 0x0000000088a00000|100%| E|CS|TAMS 0x0000000088900000, 0x0000000088900000| Complete 
| 102|0x0000000088a00000, 0x0000000088b00000, 0x0000000088b00000|100%| E|CS|TAMS 0x0000000088a00000, 0x0000000088a00000| Complete 
| 103|0x0000000088b00000, 0x0000000088c00000, 0x0000000088c00000|100%| E|CS|TAMS 0x0000000088b00000, 0x0000000088b00000| Complete 
| 104|0x0000000088c00000, 0x0000000088d00000, 0x0000000088d00000|100%| E|CS|TAMS 0x0000000088c00000, 0x0000000088c00000| Complete 
| 105|0x0000000088d00000, 0x0000000088d867b0, 0x0000000088e00000| 52%| S|CS|TAMS 0x0000000088d00000, 0x0000000088d00000| Complete 
| 106|0x0000000088e00000, 0x0000000088f00000, 0x0000000088f00000|100%| S|CS|TAMS 0x0000000088e00000, 0x0000000088e00000| Complete 
| 107|0x0000000088f00000, 0x0000000089000000, 0x0000000089000000|100%| S|CS|TAMS 0x0000000088f00000, 0x0000000088f00000| Complete 
| 108|0x0000000089000000, 0x0000000089100000, 0x0000000089100000|100%| S|CS|TAMS 0x0000000089000000, 0x0000000089000000| Complete 
| 109|0x0000000089100000, 0x0000000089200000, 0x0000000089200000|100%| S|CS|TAMS 0x0000000089100000, 0x0000000089100000| Complete 
| 110|0x0000000089200000, 0x0000000089300000, 0x0000000089300000|100%| S|CS|TAMS 0x0000000089200000, 0x0000000089200000| Complete 
| 111|0x0000000089300000, 0x0000000089400000, 0x0000000089400000|100%| E|CS|TAMS 0x0000000089300000, 0x0000000089300000| Complete 
| 112|0x0000000089400000, 0x0000000089500000, 0x0000000089500000|100%| E|CS|TAMS 0x0000000089400000, 0x0000000089400000| Complete 
| 113|0x0000000089500000, 0x0000000089600000, 0x0000000089600000|100%| E|CS|TAMS 0x0000000089500000, 0x0000000089500000| Complete 
| 114|0x0000000089600000, 0x0000000089700000, 0x0000000089700000|100%| E|CS|TAMS 0x0000000089600000, 0x0000000089600000| Complete 
| 115|0x0000000089700000, 0x0000000089800000, 0x0000000089800000|100%| E|CS|TAMS 0x0000000089700000, 0x0000000089700000| Complete 
| 116|0x0000000089800000, 0x0000000089900000, 0x0000000089900000|100%| E|CS|TAMS 0x0000000089800000, 0x0000000089800000| Complete 
| 117|0x0000000089900000, 0x0000000089a00000, 0x0000000089a00000|100%| E|CS|TAMS 0x0000000089900000, 0x0000000089900000| Complete 
| 118|0x0000000089a00000, 0x0000000089b00000, 0x0000000089b00000|100%| E|CS|TAMS 0x0000000089a00000, 0x0000000089a00000| Complete 
| 119|0x0000000089b00000, 0x0000000089c00000, 0x0000000089c00000|100%| E|CS|TAMS 0x0000000089b00000, 0x0000000089b00000| Complete 
| 120|0x0000000089c00000, 0x0000000089d00000, 0x0000000089d00000|100%| E|CS|TAMS 0x0000000089c00000, 0x0000000089c00000| Complete 
| 121|0x0000000089d00000, 0x0000000089e00000, 0x0000000089e00000|100%| E|CS|TAMS 0x0000000089d00000, 0x0000000089d00000| Complete 
| 122|0x0000000089e00000, 0x0000000089f00000, 0x0000000089f00000|100%| E|CS|TAMS 0x0000000089e00000, 0x0000000089e00000| Complete 
| 123|0x0000000089f00000, 0x000000008a000000, 0x000000008a000000|100%| E|CS|TAMS 0x0000000089f00000, 0x0000000089f00000| Complete 
| 124|0x000000008a000000, 0x000000008a100000, 0x000000008a100000|100%| E|CS|TAMS 0x000000008a000000, 0x000000008a000000| Complete 
| 125|0x000000008a100000, 0x000000008a200000, 0x000000008a200000|100%| E|CS|TAMS 0x000000008a100000, 0x000000008a100000| Complete 

Card table byte_map: [0x000001f8e3920000,0x000001f8e3d10000] _byte_map_base: 0x000001f8e350e000

Marking Bits (Prev, Next): (CMBitMap*) 0x000001f8d0722880, (CMBitMap*) 0x000001f8d0722848
 Prev Bits: [0x000001f8e6070000, 0x000001f8e7fe0000)
 Next Bits: [0x000001f8e4100000, 0x000001f8e6070000)

Polling page: 0x000001f8ce700000

Metaspace:

Usage:
  Non-class:     25.34 MB capacity,    24.85 MB ( 98%) used,   465.35 KB (  2%) free+waste,    39.50 KB ( <1%) overhead. 
      Class:      3.24 MB capacity,     3.05 MB ( 94%) used,   176.37 KB (  5%) free+waste,    16.75 KB ( <1%) overhead. 
       Both:     28.58 MB capacity,    27.90 MB ( 98%) used,   641.72 KB (  2%) free+waste,    56.25 KB ( <1%) overhead. 

Virtual space:
  Non-class space:       26.00 MB reserved,      25.50 MB ( 98%) committed 
      Class space:        1.00 GB reserved,       3.25 MB ( <1%) committed 
             Both:        1.03 GB reserved,      28.75 MB (  3%) committed 

Chunk freelists:
   Non-Class:  32.00 KB
       Class:  9.00 KB
        Both:  41.00 KB

MaxMetaspaceSize: 17179869184.00 GB
CompressedClassSpaceSize: 1.00 GB
Initial GC threshold: 20.80 MB
Current GC threshold: 34.79 MB
CDS: off

CodeHeap 'non-profiled nmethods': size=120000Kb used=685Kb max_used=685Kb free=119315Kb
 bounds [0x000001f8dbcd0000, 0x000001f8dbf40000, 0x000001f8e3200000]
CodeHeap 'profiled nmethods': size=120000Kb used=3158Kb max_used=3158Kb free=116841Kb
 bounds [0x000001f8d47a0000, 0x000001f8d4ac0000, 0x000001f8dbcd0000]
CodeHeap 'non-nmethods': size=5760Kb used=1236Kb max_used=1259Kb free=4523Kb
 bounds [0x000001f8d4200000, 0x000001f8d4470000, 0x000001f8d47a0000]
 total_blobs=2235 nmethods=1716 adapters=432
 compilation: enabled
              stopped_count=0, restarted_count=0
 full_count=0

Compilation events (20 events):
Event: 2.084 Thread 0x000001f8eb324000 nmethod 1711 0x000001f8d4ab1890 code [0x000001f8d4ab1a40, 0x000001f8d4ab1b98]
Event: 2.084 Thread 0x000001f8eb324000 1712       3       com.google.protobuf.DescriptorProtos$DescriptorProto::getFieldCount (10 bytes)
Event: 2.084 Thread 0x000001f8eb324000 nmethod 1712 0x000001f8d4ab1c90 code [0x000001f8d4ab1e40, 0x000001f8d4ab2008]
Event: 2.089 Thread 0x000001f8eb6c9800 1713   !   4       java.util.zip.InflaterInputStream::read (138 bytes)
Event: 2.092 Thread 0x000001f8eb324000 1715       3       java.lang.invoke.MethodHandleNatives::isCallerSensitive (29 bytes)
Event: 2.092 Thread 0x000001f8eb324000 nmethod 1715 0x000001f8d4ab2110 code [0x000001f8d4ab2300, 0x000001f8d4ab2868]
Event: 2.092 Thread 0x000001f8eb324000 1716       3       java.lang.invoke.MethodHandleNatives::canBeCalledVirtual (93 bytes)
Event: 2.093 Thread 0x000001f8eb324000 nmethod 1716 0x000001f8d4ab2a10 code [0x000001f8d4ab2c20, 0x000001f8d4ab3198]
Event: 2.094 Thread 0x000001f8eb324000 1717       3       java.lang.invoke.MethodTypeForm::cachedLambdaForm (44 bytes)
Event: 2.094 Thread 0x000001f8eb324000 nmethod 1717 0x000001f8d4ab3390 code [0x000001f8d4ab3560, 0x000001f8d4ab38a8]
Event: 2.094 Thread 0x000001f8eb324000 1718       3       java.lang.PublicMethods$MethodList::filter (104 bytes)
Event: 2.095 Thread 0x000001f8eb324000 nmethod 1718 0x000001f8d4ab3990 code [0x000001f8d4ab3c00, 0x000001f8d4ab4778]
Event: 2.095 Thread 0x000001f8eb324000 1719       1       java.lang.reflect.Method::getDeclaringClass (5 bytes)
Event: 2.095 Thread 0x000001f8eb324000 nmethod 1719 0x000001f8dbd7b110 code [0x000001f8dbd7b2c0, 0x000001f8dbd7b378]
Event: 2.098 Thread 0x000001f8eb324000 1720       3       com.google.protobuf.ByteString$LiteralByteString::<init> (22 bytes)
Event: 2.098 Thread 0x000001f8eb324000 nmethod 1720 0x000001f8d4ab4c90 code [0x000001f8d4ab4e60, 0x000001f8d4ab51c8]
Event: 2.098 Thread 0x000001f8eb324000 1721       3       com.google.protobuf.ByteString$LeafByteString::<init> (5 bytes)
Event: 2.098 Thread 0x000001f8eb324000 nmethod 1721 0x000001f8d4ab5310 code [0x000001f8d4ab54c0, 0x000001f8d4ab5678]
Event: 2.098 Thread 0x000001f8eb324000 1722       3       java.util.Collections::emptySet (4 bytes)
Event: 2.098 Thread 0x000001f8eb324000 nmethod 1722 0x000001f8d4ab5790 code [0x000001f8d4ab5940, 0x000001f8d4ab5a38]

GC Heap History (4 events):
Event: 1.126 GC heap before
{Heap before GC invocations=0 (full 0):
 garbage-first heap   total 129024K, used 27648K [0x0000000082400000, 0x0000000100000000)
  region size 1024K, 24 young (24576K), 0 survivors (0K)
 Metaspace       used 15777K, capacity 16090K, committed 16384K, reserved 1064960K
  class space    used 1655K, capacity 1736K, committed 1792K, reserved 1048576K
}
Event: 1.132 GC heap after
{Heap after GC invocations=1 (full 0):
 garbage-first heap   total 129024K, used 6585K [0x0000000082400000, 0x0000000100000000)
  region size 1024K, 3 young (3072K), 3 survivors (3072K)
 Metaspace       used 15777K, capacity 16090K, committed 16384K, reserved 1064960K
  class space    used 1655K, capacity 1736K, committed 1792K, reserved 1048576K
}
Event: 1.574 GC heap before
{Heap before GC invocations=1 (full 0):
 garbage-first heap   total 129024K, used 20921K [0x0000000082400000, 0x0000000100000000)
  region size 1024K, 18 young (18432K), 3 survivors (3072K)
 Metaspace       used 20531K, capacity 21026K, committed 21248K, reserved 1069056K
  class space    used 2171K, capacity 2290K, committed 2304K, reserved 1048576K
}
Event: 1.580 GC heap after
{Heap after GC invocations=2 (full 0):
 garbage-first heap   total 129024K, used 9170K [0x0000000082400000, 0x0000000100000000)
  region size 1024K, 6 young (6144K), 6 survivors (6144K)
 Metaspace       used 20531K, capacity 21026K, committed 21248K, reserved 1069056K
  class space    used 2171K, capacity 2290K, committed 2304K, reserved 1048576K
}

Deoptimization events (20 events):
Event: 1.817 Thread 0x000001f8ece14000 Uncommon trap: trap_request=0xffffff4d fr.pc=0x000001f8dbd07d78 relative=0x0000000000000fb8
Event: 1.817 Thread 0x000001f8ece14000 Uncommon trap: reason=unstable_if action=reinterpret pc=0x000001f8dbd07d78 method=java.util.concurrent.ConcurrentHashMap.putVal(Ljava/lang/Object;Ljava/lang/Object;Z)Ljava/lang/Object; @ 148 c2
Event: 1.817 Thread 0x000001f8ece14000 DEOPT PACKING pc=0x000001f8dbd07d78 sp=0x00000051fb9fe9c0
Event: 1.817 Thread 0x000001f8ece14000 DEOPT UNPACKING pc=0x000001f8d424a1af sp=0x00000051fb9fe950 mode 2
Event: 1.858 Thread 0x000001f8ce69c000 DEOPT PACKING pc=0x000001f8d48f495b sp=0x00000051fa3fd7a0
Event: 1.858 Thread 0x000001f8ce69c000 DEOPT UNPACKING pc=0x000001f8d424a95e sp=0x00000051fa3fcc18 mode 0
Event: 1.865 Thread 0x000001f8ce69c000 Uncommon trap: trap_request=0xffffff4d fr.pc=0x000001f8dbd2bf98 relative=0x0000000000000378
Event: 1.865 Thread 0x000001f8ce69c000 Uncommon trap: reason=unstable_if action=reinterpret pc=0x000001f8dbd2bf98 method=java.io.ByteArrayInputStream.read([BII)I @ 35 c2
Event: 1.865 Thread 0x000001f8ce69c000 DEOPT PACKING pc=0x000001f8dbd2bf98 sp=0x00000051fa3f43a0
Event: 1.865 Thread 0x000001f8ce69c000 DEOPT UNPACKING pc=0x000001f8d424a1af sp=0x00000051fa3f4360 mode 2
Event: 1.975 Thread 0x000001f8ce69c000 DEOPT PACKING pc=0x000001f8d48c871c sp=0x00000051fa3fb2c0
Event: 1.975 Thread 0x000001f8ce69c000 DEOPT UNPACKING pc=0x000001f8d424a95e sp=0x00000051fa3fa7a0 mode 0
Event: 1.991 Thread 0x000001f8ed2e8000 Uncommon trap: trap_request=0xffffff4d fr.pc=0x000001f8dbd0b8b4 relative=0x0000000000000374
Event: 1.991 Thread 0x000001f8ed2e8000 Uncommon trap: reason=unstable_if action=reinterpret pc=0x000001f8dbd0b8b4 method=java.lang.StringLatin1.canEncode(I)Z @ 4 c2
Event: 1.991 Thread 0x000001f8ed2e8000 DEOPT PACKING pc=0x000001f8dbd0b8b4 sp=0x00000051fbcfe920
Event: 1.991 Thread 0x000001f8ed2e8000 DEOPT UNPACKING pc=0x000001f8d424a1af sp=0x00000051fbcfe848 mode 2
Event: 1.991 Thread 0x000001f8ed2e8000 Uncommon trap: trap_request=0xffffff4d fr.pc=0x000001f8dbd0c51c relative=0x000000000000035c
Event: 1.991 Thread 0x000001f8ed2e8000 Uncommon trap: reason=unstable_if action=reinterpret pc=0x000001f8dbd0c51c method=java.lang.AbstractStringBuilder.isLatin1()Z @ 10 c2
Event: 1.991 Thread 0x000001f8ed2e8000 DEOPT PACKING pc=0x000001f8dbd0c51c sp=0x00000051fbcfe920
Event: 1.991 Thread 0x000001f8ed2e8000 DEOPT UNPACKING pc=0x000001f8d424a1af sp=0x00000051fbcfe8b0 mode 2

Classes redefined (0 events):
No events

Internal exceptions (20 events):
Event: 1.333 Thread 0x000001f8ce69c000 Exception <a 'java/lang/NoSuchMethodError'{0x0000000089cfa478}: 'void java.lang.invoke.DirectMethodHandle$Holder.invokeStaticInit(java.lang.Object, java.lang.Object)'> (0x0000000089cfa478) thrown at [./src/hotspot/share/interpreter/linkResolver.cpp, line 773]
Event: 1.335 Thread 0x000001f8ce69c000 Exception <a 'java/lang/NoSuchMethodError'{0x0000000089b00090}: 'int java.lang.invoke.DirectMethodHandle$Holder.invokeStaticInit(java.lang.Object, java.lang.Object)'> (0x0000000089b00090) thrown at [./src/hotspot/share/interpreter/linkResolver.cpp, line 773]
Event: 1.519 Thread 0x000001f8ce69c000 Exception <a 'java/lang/ClassNotFoundException'{0x00000000896b5098}: org/eclipse/jetty/alpn/ALPN> (0x00000000896b5098) thrown at [./src/hotspot/share/classfile/systemDictionary.cpp, line 231]
Event: 1.519 Thread 0x000001f8ce69c000 Exception <a 'java/lang/ClassNotFoundException'{0x00000000896b5660}: org/eclipse/jetty/npn/NextProtoNego> (0x00000000896b5660) thrown at [./src/hotspot/share/classfile/systemDictionary.cpp, line 231]
Event: 1.519 Thread 0x000001f8ce69c000 Exception <a 'java/lang/ClassNotFoundException'{0x00000000896b5c20}: org/eclipse/jetty/alpn/ALPN> (0x00000000896b5c20) thrown at [./src/hotspot/share/classfile/systemDictionary.cpp, line 231]
Event: 1.519 Thread 0x000001f8ce69c000 Exception <a 'java/lang/ClassNotFoundException'{0x00000000896b61e8}: org/eclipse/jetty/npn/NextProtoNego> (0x00000000896b61e8) thrown at [./src/hotspot/share/classfile/systemDictionary.cpp, line 231]
Event: 1.663 Thread 0x000001f8ce69c000 Exception <a 'java/lang/NoSuchMethodError'{0x0000000089f61928}: 'java.lang.Object java.lang.invoke.DirectMethodHandle$Holder.invokeStatic(java.lang.Object, java.lang.Object, java.lang.Object, java.lang.Object, java.lang.Object, java.lang.Object, java.lang.Object, int)'> (0x0000000089f61928) thrown at [./src/hotspot/share/interpreter/linkResolver.cpp, line 773]
Event: 1.663 Thread 0x000001f8ce69c000 Exception <a 'java/lang/NoSuchMethodError'{0x0000000089f65d60}: 'java.lang.Object java.lang.invoke.DirectMethodHandle$Holder.invokeSpecial(java.lang.Object, java.lang.Object, java.lang.Object, java.lang.Object, java.lang.Object, java.lang.Object, java.lang.Object, java.lang.Object, int)'> (0x0000000089f65d60) thrown at [./src/hotspot/share/interpreter/linkResolver.cpp, line 773]
Event: 1.818 Thread 0x000001f8ce69c000 Exception <a 'sun/nio/fs/WindowsException'{0x00000000897fad40}> (0x00000000897fad40) thrown at [./src/hotspot/share/prims/jni.cpp, line 616]
Event: 1.818 Thread 0x000001f8ce69c000 Exception <a 'sun/nio/fs/WindowsException'{0x00000000897fb6a0}> (0x00000000897fb6a0) thrown at [./src/hotspot/share/prims/jni.cpp, line 616]
Event: 1.819 Thread 0x000001f8ce69c000 Exception <a 'sun/nio/fs/WindowsException'{0x00000000897ff148}> (0x00000000897ff148) thrown at [./src/hotspot/share/prims/jni.cpp, line 616]
Event: 1.819 Thread 0x000001f8ce69c000 Exception <a 'sun/nio/fs/WindowsException'{0x00000000897ffab0}> (0x00000000897ffab0) thrown at [./src/hotspot/share/prims/jni.cpp, line 616]
Event: 1.822 Thread 0x000001f8ce69c000 Exception <a 'sun/nio/fs/WindowsException'{0x0000000089620180}> (0x0000000089620180) thrown at [./src/hotspot/share/prims/jni.cpp, line 616]
Event: 1.822 Thread 0x000001f8ce69c000 Exception <a 'sun/nio/fs/WindowsException'{0x0000000089620a98}> (0x0000000089620a98) thrown at [./src/hotspot/share/prims/jni.cpp, line 616]
Event: 1.998 Thread 0x000001f8ed0c3000 Exception <a 'java/lang/NoSuchMethodError'{0x0000000088051540}: 'void java.lang.invoke.DirectMethodHandle$Holder.invokeStatic(java.lang.Object, long)'> (0x0000000088051540) thrown at [./src/hotspot/share/interpreter/linkResolver.cpp, line 773]
Event: 1.999 Thread 0x000001f8ed0c3000 Exception <a 'java/lang/NoSuchMethodError'{0x00000000880564a8}: 'java.lang.Object java.lang.invoke.DirectMethodHandle$Holder.invokeStatic(java.lang.Object, long)'> (0x00000000880564a8) thrown at [./src/hotspot/share/interpreter/linkResolver.cpp, line 773]
Event: 2.001 Thread 0x000001f8ed0c3000 Exception <a 'java/lang/NoSuchMethodError'{0x0000000088064340}: 'java.lang.Object java.lang.invoke.DirectMethodHandle$Holder.invokeStaticInit(java.lang.Object, java.lang.Object, long, java.lang.Object)'> (0x0000000088064340) thrown at [./src/hotspot/share/interpreter/linkResolver.cpp, line 773]
Event: 2.001 Thread 0x000001f8ed0c3000 Exception <a 'java/lang/NoSuchMethodError'{0x0000000088069f88}: 'java.lang.Object java.lang.invoke.DirectMethodHandle$Holder.invokeStatic(java.lang.Object, java.lang.Object, long)'> (0x0000000088069f88) thrown at [./src/hotspot/share/interpreter/linkResolver.cpp, line 773]
Event: 2.002 Thread 0x000001f8ed0c3000 Exception <a 'java/lang/NoSuchMethodError'{0x000000008806ffb0}: 'java.lang.Object java.lang.invoke.Invokers$Holder.linkToTargetMethod(java.lang.Object, long, java.lang.Object)'> (0x000000008806ffb0) thrown at [./src/hotspot/share/interpreter/linkResolver.cpp, line 773]
Event: 2.063 Thread 0x000001f8ce69c000 Exception <a 'java/lang/ClassNotFoundException'{0x00000000880f7f80}: sun/misc/SharedSecrets> (0x00000000880f7f80) thrown at [./src/hotspot/share/classfile/systemDictionary.cpp, line 231]

Events (20 events):
Event: 2.097 loading class com/google/protobuf/CodedOutputStream$UnsafeDirectNioEncoder
Event: 2.097 loading class com/google/protobuf/CodedOutputStream$UnsafeDirectNioEncoder done
Event: 2.097 loading class com/google/protobuf/CodedOutputStream$OutOfSpaceException
Event: 2.097 loading class com/google/protobuf/CodedOutputStream$OutOfSpaceException done
Event: 2.097 loading class com/google/protobuf/CodedOutputStream$SafeDirectNioEncoder
Event: 2.097 loading class com/google/protobuf/CodedOutputStream$SafeDirectNioEncoder done
Event: 2.098 loading class com/google/protobuf/ByteString$CodedBuilder
Event: 2.098 loading class com/google/protobuf/ByteString$CodedBuilder done
Event: 2.098 loading class com/android/tools/utp/plugins/result/listener/gradle/proto/GradleAndroidTestResultListenerProto$TestResultEvent$Builder
Event: 2.098 loading class com/android/tools/utp/plugins/result/listener/gradle/proto/GradleAndroidTestResultListenerProto$TestResultEvent$Builder done
Event: 2.099 loading class com/android/tools/utp/plugins/result/listener/gradle/proto/GradleAndroidTestResultListenerProto$TestResultEvent$TestCaseStarted
Event: 2.099 loading class com/android/tools/utp/plugins/result/listener/gradle/proto/GradleAndroidTestResultListenerProto$TestResultEvent$TestCaseStarted done
Event: 2.100 loading class com/android/tools/utp/plugins/result/listener/gradle/proto/GradleAndroidTestResultListenerProto$TestResultEvent$TestSuiteStarted
Event: 2.100 loading class com/android/tools/utp/plugins/result/listener/gradle/proto/GradleAndroidTestResultListenerProto$TestResultEvent$TestSuiteStarted done
Event: 2.101 loading class com/android/tools/utp/plugins/result/listener/gradle/proto/GradleAndroidTestResultListenerProto$TestResultEvent$TestCaseFinished
Event: 2.101 loading class com/android/tools/utp/plugins/result/listener/gradle/proto/GradleAndroidTestResultListenerProto$TestResultEvent$TestCaseFinished done
Event: 2.102 loading class io/grpc/internal/RetriableStream
Event: 2.102 loading class io/grpc/internal/RetriableStream done
Event: 2.103 loading class io/grpc/internal/DelayedStream$6
Event: 2.103 loading class io/grpc/internal/DelayedStream$6 done


Dynamic libraries:
0x00007ff654d40000 - 0x00007ff654d4a000 	D:\AndroidStudio\jre\bin\java.exe
0x00007ff8d4bd0000 - 0x00007ff8d4dc8000 	C:\WINDOWS\SYSTEM32\ntdll.dll
0x00007ff8d37f0000 - 0x00007ff8d38ad000 	C:\WINDOWS\System32\KERNEL32.DLL
0x00007ff8d28a0000 - 0x00007ff8d2b96000 	C:\WINDOWS\System32\KERNELBASE.dll
0x00007ff8d2530000 - 0x00007ff8d2630000 	C:\WINDOWS\System32\ucrtbase.dll
0x00007ff8b3150000 - 0x00007ff8b3169000 	D:\AndroidStudio\jre\bin\jli.dll
0x00007ff8d3ed0000 - 0x00007ff8d406f000 	C:\WINDOWS\System32\USER32.dll
0x00007ff8d2ba0000 - 0x00007ff8d2bc2000 	C:\WINDOWS\System32\win32u.dll
0x00007ff8d4b60000 - 0x00007ff8d4b8b000 	C:\WINDOWS\System32\GDI32.dll
0x00007ff8d23c0000 - 0x00007ff8d24d7000 	C:\WINDOWS\System32\gdi32full.dll
0x00007ff8af9d0000 - 0x00007ff8af9e7000 	D:\AndroidStudio\jre\bin\VCRUNTIME140.dll
0x00007ff8d2800000 - 0x00007ff8d289d000 	C:\WINDOWS\System32\msvcp_win.dll
0x00007ff8b7140000 - 0x00007ff8b73da000 	C:\WINDOWS\WinSxS\amd64_microsoft.windows.common-controls_6595b64144ccf1df_6.0.19041.3636_none_60b6a03d71f818d5\COMCTL32.dll
0x00007ff8d2f30000 - 0x00007ff8d2fce000 	C:\WINDOWS\System32\msvcrt.dll
0x00007ff8d42d0000 - 0x00007ff8d4302000 	C:\WINDOWS\System32\IMM32.DLL
0x00007ff89d6a0000 - 0x00007ff89d73d000 	D:\AndroidStudio\jre\bin\msvcp140.dll
0x00007ff8990d0000 - 0x00007ff899bd2000 	D:\AndroidStudio\jre\bin\server\jvm.dll
0x00007ff8d2fd0000 - 0x00007ff8d3080000 	C:\WINDOWS\System32\ADVAPI32.dll
0x00007ff8d31b0000 - 0x00007ff8d3250000 	C:\WINDOWS\System32\sechost.dll
0x00007ff8d3630000 - 0x00007ff8d3753000 	C:\WINDOWS\System32\RPCRT4.dll
0x00007ff8d2bd0000 - 0x00007ff8d2bf7000 	C:\WINDOWS\System32\bcrypt.dll
0x00007ff8d42c0000 - 0x00007ff8d42c8000 	C:\WINDOWS\System32\PSAPI.DLL
0x00007ff8cd3a0000 - 0x00007ff8cd3a9000 	C:\WINDOWS\SYSTEM32\WSOCK32.dll
0x00007ff8d2e30000 - 0x00007ff8d2e9b000 	C:\WINDOWS\System32\WS2_32.dll
0x00007ff8b7400000 - 0x00007ff8b7427000 	C:\WINDOWS\SYSTEM32\WINMM.dll
0x00007ff8c8850000 - 0x00007ff8c885a000 	C:\WINDOWS\SYSTEM32\VERSION.dll
0x00007ff8d0af0000 - 0x00007ff8d0b02000 	C:\WINDOWS\SYSTEM32\kernel.appcore.dll
0x00007ff8cd380000 - 0x00007ff8cd391000 	D:\AndroidStudio\jre\bin\verify.dll
0x00007ff8cfe50000 - 0x00007ff8d0034000 	C:\WINDOWS\SYSTEM32\DBGHELP.DLL
0x00007ff8bc080000 - 0x00007ff8bc0b4000 	C:\WINDOWS\SYSTEM32\dbgcore.DLL
0x00007ff8d2330000 - 0x00007ff8d23b2000 	C:\WINDOWS\System32\bcryptPrimitives.dll
0x00007ff8cb620000 - 0x00007ff8cb649000 	D:\AndroidStudio\jre\bin\java.dll
0x00007ff8cd360000 - 0x00007ff8cd36b000 	D:\AndroidStudio\jre\bin\jimage.dll
0x00007ff8cd290000 - 0x00007ff8cd2a8000 	D:\AndroidStudio\jre\bin\zip.dll
0x00007ff8d4310000 - 0x00007ff8d4a7b000 	C:\WINDOWS\System32\SHELL32.dll
0x00007ff8d0040000 - 0x00007ff8d07de000 	C:\WINDOWS\SYSTEM32\windows.storage.dll
0x00007ff8d32b0000 - 0x00007ff8d3603000 	C:\WINDOWS\System32\combase.dll
0x00007ff8d1cb0000 - 0x00007ff8d1cde000 	C:\WINDOWS\SYSTEM32\Wldp.dll
0x00007ff8d2d60000 - 0x00007ff8d2e2d000 	C:\WINDOWS\System32\OLEAUT32.dll
0x00007ff8d2cb0000 - 0x00007ff8d2d5d000 	C:\WINDOWS\System32\SHCORE.dll
0x00007ff8d4140000 - 0x00007ff8d4195000 	C:\WINDOWS\System32\shlwapi.dll
0x00007ff8d21b0000 - 0x00007ff8d21d3000 	C:\WINDOWS\SYSTEM32\profapi.dll
0x00007ff8cd260000 - 0x00007ff8cd27a000 	D:\AndroidStudio\jre\bin\net.dll
0x00007ff8c6bf0000 - 0x00007ff8c6cfa000 	C:\WINDOWS\SYSTEM32\WINHTTP.dll
0x00007ff8d1a10000 - 0x00007ff8d1a7a000 	C:\WINDOWS\system32\mswsock.dll
0x00007ff8ca550000 - 0x00007ff8ca564000 	D:\AndroidStudio\jre\bin\nio.dll
0x00007ff8cd350000 - 0x00007ff8cd35a000 	D:\AndroidStudio\jre\bin\management.dll
0x00007ff8cb260000 - 0x00007ff8cb26d000 	D:\AndroidStudio\jre\bin\management_ext.dll
0x00007ff8d1c10000 - 0x00007ff8d1c28000 	C:\WINDOWS\SYSTEM32\CRYPTSP.dll
0x00007ff8d12c0000 - 0x00007ff8d12f4000 	C:\WINDOWS\system32\rsaenh.dll
0x00007ff8d2170000 - 0x00007ff8d219e000 	C:\WINDOWS\SYSTEM32\USERENV.dll
0x00007ff8d1c00000 - 0x00007ff8d1c0c000 	C:\WINDOWS\SYSTEM32\CRYPTBASE.dll
0x00007ff8d16a0000 - 0x00007ff8d16db000 	C:\WINDOWS\SYSTEM32\IPHLPAPI.DLL
0x00007ff8d37e0000 - 0x00007ff8d37e8000 	C:\WINDOWS\System32\NSI.dll
0x00007ff8c8920000 - 0x00007ff8c8937000 	C:\WINDOWS\SYSTEM32\dhcpcsvc6.DLL
0x00007ff8c9dc0000 - 0x00007ff8c9ddd000 	C:\WINDOWS\SYSTEM32\dhcpcsvc.DLL
0x00007ff8d16f0000 - 0x00007ff8d17bb000 	C:\WINDOWS\SYSTEM32\DNSAPI.dll
0x00007ff8bd6c0000 - 0x00007ff8bd6e7000 	D:\AndroidStudio\jre\bin\sunec.dll
0x00007ff8be600000 - 0x00007ff8be60a000 	C:\Windows\System32\rasadhlp.dll
0x00007ff8bef80000 - 0x00007ff8bf000000 	C:\WINDOWS\System32\fwpuclnt.dll
0x00007ff8a9700000 - 0x00007ff8a9717000 	C:\WINDOWS\system32\napinsp.dll
0x00007ff8a96e0000 - 0x00007ff8a96fb000 	C:\WINDOWS\system32\pnrpnsp.dll
0x00007ff8cc810000 - 0x00007ff8cc825000 	C:\WINDOWS\system32\wshbth.dll
0x00007ff8cd1f0000 - 0x00007ff8cd20d000 	C:\WINDOWS\system32\NLAapi.dll
0x00007ff8a96c0000 - 0x00007ff8a96d2000 	C:\WINDOWS\System32\winrnr.dll

dbghelp: loaded successfully - version: 4.0.5 - missing functions: none
symbol engine: initialized successfully - sym options: 0x614 - pdb path: .;D:\AndroidStudio\jre\bin;C:\WINDOWS\SYSTEM32;C:\WINDOWS\WinSxS\amd64_microsoft.windows.common-controls_6595b64144ccf1df_6.0.19041.3636_none_60b6a03d71f818d5;D:\AndroidStudio\jre\bin\server

VM Arguments:
jvm_args: -Djava.awt.headless=true -Djava.util.logging.config.file=C:\Users\y\.android\utp\logging14540448946595936865properties -Dfile.encoding=UTF-8 -Duser.country=CN -Duser.language=zh -Duser.variant 
java_command: com.google.testing.platform.launcher.Launcher C:\Users\y\.gradle\caches\modules-2\files-2.1\com.google.testing.platform\core\0.0.8-alpha07\185ff5f0c2380a7a283320bc5ec9130dbcbbb030\core-0.0.8-alpha07.jar --proto_config=C:\Users\y\.android\utp\runnerConfig17867554798140192041.pb --proto_server_config=C:\Users\y\.android\utp\serverConfig6633029762301574368.pb
java_class_path (initial): C:\Users\y\.gradle\caches\modules-2\files-2.1\com.google.testing.platform\launcher\0.0.8-alpha07\47d15094202612b26f5a07fbfbe17ff8900a58c4\launcher-0.0.8-alpha07.jar
Launcher Type: SUN_STANDARD

[Global flags]
     intx CICompilerCount                          = 4                                         {product} {ergonomic}
     uint ConcGCThreads                            = 2                                         {product} {ergonomic}
     uint G1ConcRefinementThreads                  = 8                                         {product} {ergonomic}
   size_t G1HeapRegionSize                         = 1048576                                   {product} {ergonomic}
    uintx GCDrainStackTargetSize                   = 64                                        {product} {ergonomic}
   size_t InitialHeapSize                          = 132120576                                 {product} {ergonomic}
   size_t MarkStackSize                            = 4194304                                   {product} {ergonomic}
   size_t MaxHeapSize                              = 2109734912                                {product} {ergonomic}
   size_t MaxNewSize                               = 1265631232                                {product} {ergonomic}
   size_t MinHeapDeltaBytes                        = 1048576                                   {product} {ergonomic}
    uintx NonNMethodCodeHeapSize                   = 5836300                                {pd product} {ergonomic}
    uintx NonProfiledCodeHeapSize                  = 122910970                              {pd product} {ergonomic}
    uintx ProfiledCodeHeapSize                     = 122910970                              {pd product} {ergonomic}
    uintx ReservedCodeCacheSize                    = 251658240                              {pd product} {ergonomic}
     bool SegmentedCodeCache                       = true                                      {product} {ergonomic}
     bool UseCompressedClassPointers               = true                                 {lp64_product} {ergonomic}
     bool UseCompressedOops                        = true                                 {lp64_product} {ergonomic}
     bool UseG1GC                                  = true                                      {product} {ergonomic}
     bool UseLargePagesIndividualAllocation        = false                                  {pd product} {ergonomic}

Logging:
Log output configuration:
 #0: stdout all=warning uptime,level,tags
 #1: stderr all=off uptime,level,tags

Environment Variables:
JAVA_HOME=C:\Program Files\Java\jdk-1.8
CLASSPATH=C:\Program Files\Java\jdk-1.8\lib\dt.jar;C:\Program Files\Java\jdk-1.8\lib\tools.jar
PATH=F:\OracleDatabases\bin;D:\ProgramData\Anaconda3;D:\ProgramData\Anaconda3\Library\mingw-w64\bin;D:\ProgramData\Anaconda3\Library\usr\bin;D:\ProgramData\Anaconda3\Library\bin;D:\ProgramData\Anaconda3\Scripts;C:\WINDOWS\system32;C:\WINDOWS;C:\WINDOWS\System32\Wbem;C:\WINDOWS\System32\WindowsPowerShell\v1.0\;C:\WINDOWS\System32\OpenSSH\;E:\mysql-8.0.33-winx64\mysql-8.0.33-winx64\bin;E:\apache-tomcat-8.5.81-windows-x64\apache-tomcat-8.5.81\bin;C:\Program Files\Azure Data Studio\bin;F:\Git\cmd;E:\Program Files\Matlab\runtime\win64;E:\Program Files\Matlab\bin;E:\Program Files\Matlab\polyspace\bin;F:\;E:\nvm\nvmStart;E:\Program Files\nodejs;%C:\Users\y\AppData\Roaming\Microsoft\Windows\Start Menu\Programs\Windows PowerShell%;C:\WINDOWS\system32;C:\WINDOWS;C:\WINDOWS\System32\Wbem;C:\WINDOWS\System32\WindowsPowerShell\v1.0\;C:\WINDOWS\System32\OpenSSH\;%CATALINA%bin;C:\Users\y\AppData\Local\Microsoft\WindowsApps;C:\Users\y\.dotnet\tools;D:\Program Files\JetBrains\IntelliJ IDEA 2021.2.2\bin;;C:\Program Files\Azure Data Studio\bin;C:\Users\y\AppData\Local\Programs\Microsoft VS Code\bin;node_global;E:\nvm\nvmStart;E:\Program Files\nodejs;%C:\Users\y\AppData\Roaming\Microsoft\Windows\Start Menu\Programs\Windows PowerShell%;
USERNAME=y
OS=Windows_NT
PROCESSOR_IDENTIFIER=Intel64 Family 6 Model 142 Stepping 12, GenuineIntel



---------------  S Y S T E M  ---------------

OS: Windows 10 , 64 bit Build 19041 (10.0.19041.3636)
OS uptime: 0 days 5:37 hours

CPU:total 8 (initial active 8) (4 cores per cpu, 2 threads per core) family 6 model 142 stepping 12 microcode 0xbe, cmov, cx8, fxsr, mmx, sse, sse2, sse3, ssse3, sse4.1, sse4.2, popcnt, avx, avx2, aes, clmul, erms, 3dnowpref, lzcnt, ht, tsc, tscinvbit, bmi1, bmi2, adx, fma

Memory: 4k page, system-wide physical 8042M (403M free)
TotalPageFile size 14299M (AvailPageFile size 2M)
current process WorkingSet (physical memory assigned to process): 136M, peak: 136M
current process commit charge ("private bytes"): 257M, peak: 257M

vm_info: OpenJDK 64-Bit Server VM (11.0.13+0-b1751.21-8125866) for windows-amd64 JRE (11.0.13+0-b1751.21-8125866), built on Feb  2 2022 03:00:22 by "builder" with MS VC++ 14.0 (VS2015)

END.
